{"C:\\Users\\maric\\Ciclos\\REACT\\GO\\front\\EdinRose\\src\\App.tsx": {"path":"C:\\Users\\maric\\Ciclos\\REACT\\GO\\front\\EdinRose\\src\\App.tsx","statementMap":{"0":{"start":{"line":2,"column":0},"end":{"line":2,"column":59}},"1":{"start":{"line":3,"column":0},"end":{"line":3,"column":41}},"2":{"start":{"line":4,"column":0},"end":{"line":4,"column":44}},"3":{"start":{"line":5,"column":0},"end":{"line":5,"column":44}},"4":{"start":{"line":6,"column":0},"end":{"line":6,"column":66}},"5":{"start":{"line":7,"column":0},"end":{"line":7,"column":56}},"6":{"start":{"line":8,"column":0},"end":{"line":8,"column":62}},"7":{"start":{"line":10,"column":22},"end":{"line":23,"column":1}},"8":{"start":{"line":11,"column":2},"end":{"line":22,"column":4}},"9":{"start":{"line":25,"column":0},"end":{"line":25,"column":19}}},"fnMap":{"0":{"name":"(anonymous_1)","decl":{"start":{"line":10,"column":22},"end":{"line":10,"column":25}},"loc":{"start":{"line":10,"column":27},"end":{"line":23,"column":1}}}},"branchMap":{},"s":{"0":0,"1":0,"2":0,"3":0,"4":0,"5":0,"6":0,"7":0,"8":0,"9":0},"f":{"0":0},"b":{}}
,"C:\\Users\\maric\\Ciclos\\REACT\\GO\\front\\EdinRose\\src\\main.tsx": {"path":"C:\\Users\\maric\\Ciclos\\REACT\\GO\\front\\EdinRose\\src\\main.tsx","statementMap":{"0":{"start":{"line":1,"column":0},"end":{"line":1,"column":26}},"1":{"start":{"line":2,"column":0},"end":{"line":2,"column":40}},"2":{"start":{"line":3,"column":0},"end":{"line":3,"column":49}},"3":{"start":{"line":4,"column":0},"end":{"line":4,"column":24}},"4":{"start":{"line":5,"column":0},"end":{"line":5,"column":21}},"5":{"start":{"line":6,"column":0},"end":{"line":6,"column":57}},"6":{"start":{"line":7,"column":0},"end":{"line":7,"column":63}},"7":{"start":{"line":8,"column":0},"end":{"line":8,"column":59}},"8":{"start":{"line":10,"column":0},"end":{"line":22,"column":2}}},"fnMap":{},"branchMap":{},"s":{"0":0,"1":0,"2":0,"3":0,"4":0,"5":0,"6":0,"7":0,"8":0},"f":{},"b":{}}
,"C:\\Users\\maric\\Ciclos\\REACT\\GO\\front\\EdinRose\\src\\vite-env.d.ts": {"path":"C:\\Users\\maric\\Ciclos\\REACT\\GO\\front\\EdinRose\\src\\vite-env.d.ts","statementMap":{},"fnMap":{},"branchMap":{},"s":{},"f":{},"b":{}}
,"C:\\Users\\maric\\Ciclos\\REACT\\GO\\front\\EdinRose\\src\\app\\routes.ts": {"path":"C:\\Users\\maric\\Ciclos\\REACT\\GO\\front\\EdinRose\\src\\app\\routes.ts","statementMap":{"0":{"start":{"line":1,"column":0},"end":{"line":1,"column":null}},"1":{"start":{"line":2,"column":2},"end":{"line":2,"column":null}},"2":{"start":{"line":3,"column":2},"end":{"line":3,"column":null}},"3":{"start":{"line":4,"column":2},"end":{"line":4,"column":null}},"4":{"start":{"line":5,"column":2},"end":{"line":5,"column":null}},"5":{"start":{"line":6,"column":2},"end":{"line":6,"column":null}}},"fnMap":{"0":{"name":"(anonymous_0)","decl":{"start":{"line":1,"column":0},"end":{"line":1,"column":12}},"loc":{"start":{"line":1,"column":21},"end":{"line":7,"column":1}}}},"branchMap":{"0":{"loc":{"start":{"line":1,"column":12},"end":{"line":1,"column":null}},"type":"binary-expr","locations":[{"start":{"line":1,"column":12},"end":{"line":1,"column":21}},{"start":{"line":1,"column":21},"end":{"line":1,"column":null}}]}},"s":{"0":0,"1":0,"2":0,"3":0,"4":0,"5":0},"f":{"0":0},"b":{"0":[0,0]}}
,"C:\\Users\\maric\\Ciclos\\REACT\\GO\\front\\EdinRose\\src\\app\\components\\CartSummary\\CartSummary.tsx": {"path":"C:\\Users\\maric\\Ciclos\\REACT\\GO\\front\\EdinRose\\src\\app\\components\\CartSummary\\CartSummary.tsx","statementMap":{"0":{"start":{"line":2,"column":0},"end":{"line":2,"column":47}},"1":{"start":{"line":3,"column":0},"end":{"line":3,"column":48}},"2":{"start":{"line":4,"column":0},"end":{"line":4,"column":41}},"3":{"start":{"line":5,"column":0},"end":{"line":5,"column":55}},"4":{"start":{"line":6,"column":0},"end":{"line":6,"column":46}},"5":{"start":{"line":8,"column":30},"end":{"line":30,"column":1}},"6":{"start":{"line":9,"column":20},"end":{"line":9,"column":29}},"7":{"start":{"line":10,"column":19},"end":{"line":10,"column":32}},"8":{"start":{"line":12,"column":16},"end":{"line":12,"column":86}},"9":{"start":{"line":12,"column":50},"end":{"line":12,"column":82}},"10":{"start":{"line":14,"column":25},"end":{"line":16,"column":3}},"11":{"start":{"line":15,"column":4},"end":{"line":15,"column":33}},"12":{"start":{"line":18,"column":2},"end":{"line":29,"column":4}},"13":{"start":{"line":32,"column":0},"end":{"line":32,"column":27}}},"fnMap":{"0":{"name":"(anonymous_1)","decl":{"start":{"line":8,"column":30},"end":{"line":8,"column":33}},"loc":{"start":{"line":8,"column":35},"end":{"line":30,"column":1}}},"1":{"name":"(anonymous_2)","decl":{"start":{"line":12,"column":35},"end":{"line":12,"column":36}},"loc":{"start":{"line":12,"column":50},"end":{"line":12,"column":82}}},"2":{"name":"(anonymous_3)","decl":{"start":{"line":14,"column":25},"end":{"line":14,"column":28}},"loc":{"start":{"line":14,"column":30},"end":{"line":16,"column":3}}}},"branchMap":{},"s":{"0":0,"1":0,"2":0,"3":0,"4":0,"5":0,"6":0,"7":0,"8":0,"9":0,"10":0,"11":0,"12":0,"13":0},"f":{"0":0,"1":0,"2":0},"b":{}}
,"C:\\Users\\maric\\Ciclos\\REACT\\GO\\front\\EdinRose\\src\\app\\components\\CartSummary\\index.ts": {"path":"C:\\Users\\maric\\Ciclos\\REACT\\GO\\front\\EdinRose\\src\\app\\components\\CartSummary\\index.ts","statementMap":{"0":{"start":{"line":1,"column":0},"end":{"line":1,"column":9}},"1":{"start":{"line":1,"column":9},"end":{"line":1,"column":40}}},"fnMap":{"0":{"name":"(anonymous_1)","decl":{"start":{"line":1,"column":9},"end":{"line":1,"column":16}},"loc":{"start":{"line":1,"column":9},"end":{"line":1,"column":40}}}},"branchMap":{},"s":{"0":0,"1":0},"f":{"0":0},"b":{}}
,"C:\\Users\\maric\\Ciclos\\REACT\\GO\\front\\EdinRose\\src\\app\\components\\CartTable\\CartItem.tsx": {"path":"C:\\Users\\maric\\Ciclos\\REACT\\GO\\front\\EdinRose\\src\\app\\components\\CartTable\\CartItem.tsx","statementMap":{"0":{"start":{"line":3,"column":0},"end":{"line":3,"column":48}},"1":{"start":{"line":5,"column":0},"end":{"line":5,"column":44}},"2":{"start":{"line":11,"column":42},"end":{"line":63,"column":1}},"3":{"start":{"line":12,"column":23},"end":{"line":12,"column":32}},"4":{"start":{"line":14,"column":25},"end":{"line":19,"column":3}},"5":{"start":{"line":15,"column":4},"end":{"line":18,"column":7}},"6":{"start":{"line":21,"column":25},"end":{"line":28,"column":3}},"7":{"start":{"line":22,"column":4},"end":{"line":27,"column":5}},"8":{"start":{"line":23,"column":6},"end":{"line":26,"column":9}},"9":{"start":{"line":30,"column":23},"end":{"line":35,"column":3}},"10":{"start":{"line":31,"column":4},"end":{"line":34,"column":7}},"11":{"start":{"line":37,"column":2},"end":{"line":62,"column":4}},"12":{"start":{"line":65,"column":0},"end":{"line":65,"column":24}}},"fnMap":{"0":{"name":"(anonymous_1)","decl":{"start":{"line":11,"column":42},"end":{"line":11,"column":43}},"loc":{"start":{"line":11,"column":58},"end":{"line":63,"column":1}}},"1":{"name":"(anonymous_2)","decl":{"start":{"line":14,"column":25},"end":{"line":14,"column":28}},"loc":{"start":{"line":14,"column":30},"end":{"line":19,"column":3}}},"2":{"name":"(anonymous_3)","decl":{"start":{"line":21,"column":25},"end":{"line":21,"column":28}},"loc":{"start":{"line":21,"column":30},"end":{"line":28,"column":3}}},"3":{"name":"(anonymous_4)","decl":{"start":{"line":30,"column":23},"end":{"line":30,"column":26}},"loc":{"start":{"line":30,"column":28},"end":{"line":35,"column":3}}}},"branchMap":{"0":{"loc":{"start":{"line":22,"column":4},"end":{"line":27,"column":5}},"type":"if","locations":[{"start":{"line":22,"column":4},"end":{"line":27,"column":5}}]}},"s":{"0":0,"1":0,"2":0,"3":0,"4":0,"5":0,"6":0,"7":0,"8":0,"9":0,"10":0,"11":0,"12":0},"f":{"0":0,"1":0,"2":0,"3":0},"b":{"0":[0]}}
,"C:\\Users\\maric\\Ciclos\\REACT\\GO\\front\\EdinRose\\src\\app\\components\\CartTable\\CartTable.tsx": {"path":"C:\\Users\\maric\\Ciclos\\REACT\\GO\\front\\EdinRose\\src\\app\\components\\CartTable\\CartTable.tsx","statementMap":{"0":{"start":{"line":2,"column":0},"end":{"line":2,"column":48}},"1":{"start":{"line":3,"column":0},"end":{"line":3,"column":34}},"2":{"start":{"line":4,"column":0},"end":{"line":4,"column":44}},"3":{"start":{"line":6,"column":28},"end":{"line":33,"column":1}},"4":{"start":{"line":7,"column":20},"end":{"line":7,"column":29}},"5":{"start":{"line":8,"column":20},"end":{"line":8,"column":31}},"6":{"start":{"line":10,"column":2},"end":{"line":12,"column":3}},"7":{"start":{"line":11,"column":4},"end":{"line":11,"column":71}},"8":{"start":{"line":14,"column":2},"end":{"line":32,"column":4}},"9":{"start":{"line":28,"column":10},"end":{"line":28,"column":37}},"10":{"start":{"line":35,"column":0},"end":{"line":35,"column":25}}},"fnMap":{"0":{"name":"(anonymous_1)","decl":{"start":{"line":6,"column":28},"end":{"line":6,"column":31}},"loc":{"start":{"line":6,"column":33},"end":{"line":33,"column":1}}},"1":{"name":"(anonymous_2)","decl":{"start":{"line":27,"column":23},"end":{"line":27,"column":24}},"loc":{"start":{"line":28,"column":10},"end":{"line":28,"column":37}}}},"branchMap":{"0":{"loc":{"start":{"line":10,"column":2},"end":{"line":12,"column":3}},"type":"if","locations":[{"start":{"line":10,"column":2},"end":{"line":12,"column":3}}]}},"s":{"0":0,"1":0,"2":0,"3":0,"4":0,"5":0,"6":0,"7":0,"8":0,"9":0,"10":0},"f":{"0":0,"1":0},"b":{"0":[0]}}
,"C:\\Users\\maric\\Ciclos\\REACT\\GO\\front\\EdinRose\\src\\app\\components\\CartTable\\index.ts": {"path":"C:\\Users\\maric\\Ciclos\\REACT\\GO\\front\\EdinRose\\src\\app\\components\\CartTable\\index.ts","statementMap":{"0":{"start":{"line":1,"column":0},"end":{"line":1,"column":9}},"1":{"start":{"line":1,"column":9},"end":{"line":1,"column":38}}},"fnMap":{"0":{"name":"(anonymous_1)","decl":{"start":{"line":1,"column":9},"end":{"line":1,"column":16}},"loc":{"start":{"line":1,"column":9},"end":{"line":1,"column":38}}}},"branchMap":{},"s":{"0":0,"1":0},"f":{"0":0},"b":{}}
,"C:\\Users\\maric\\Ciclos\\REACT\\GO\\front\\EdinRose\\src\\app\\components\\Checkout\\ContactForm\\ContactForm.tsx": {"path":"C:\\Users\\maric\\Ciclos\\REACT\\GO\\front\\EdinRose\\src\\app\\components\\Checkout\\ContactForm\\ContactForm.tsx","statementMap":{"0":{"start":{"line":1,"column":0},"end":{"line":1,"column":40}},"1":{"start":{"line":2,"column":0},"end":{"line":2,"column":44}},"2":{"start":{"line":4,"column":0},"end":{"line":4,"column":46}},"3":{"start":{"line":11,"column":48},"end":{"line":84,"column":1}},"4":{"start":{"line":12,"column":34},"end":{"line":16,"column":4}},"5":{"start":{"line":18,"column":23},"end":{"line":44,"column":3}},"6":{"start":{"line":19,"column":19},"end":{"line":19,"column":47}},"7":{"start":{"line":20,"column":17},"end":{"line":20,"column":28}},"8":{"start":{"line":21,"column":18},"end":{"line":21,"column":30}},"9":{"start":{"line":23,"column":4},"end":{"line":28,"column":5}},"10":{"start":{"line":24,"column":6},"end":{"line":27,"column":7}},"11":{"start":{"line":26,"column":8},"end":{"line":26,"column":15}},"12":{"start":{"line":30,"column":4},"end":{"line":37,"column":5}},"13":{"start":{"line":32,"column":6},"end":{"line":34,"column":7}},"14":{"start":{"line":33,"column":8},"end":{"line":33,"column":15}},"15":{"start":{"line":36,"column":6},"end":{"line":36,"column":35}},"16":{"start":{"line":36,"column":28},"end":{"line":36,"column":35}},"17":{"start":{"line":39,"column":4},"end":{"line":43,"column":7}},"18":{"start":{"line":40,"column":26},"end":{"line":40,"column":56}},"19":{"start":{"line":41,"column":6},"end":{"line":41,"column":28}},"20":{"start":{"line":42,"column":6},"end":{"line":42,"column":25}},"21":{"start":{"line":46,"column":2},"end":{"line":83,"column":4}},"22":{"start":{"line":86,"column":0},"end":{"line":86,"column":27}}},"fnMap":{"0":{"name":"(anonymous_1)","decl":{"start":{"line":11,"column":48},"end":{"line":11,"column":49}},"loc":{"start":{"line":11,"column":73},"end":{"line":84,"column":1}}},"1":{"name":"(anonymous_2)","decl":{"start":{"line":18,"column":23},"end":{"line":18,"column":24}},"loc":{"start":{"line":18,"column":66},"end":{"line":44,"column":3}}},"2":{"name":"(anonymous_3)","decl":{"start":{"line":39,"column":16},"end":{"line":39,"column":17}},"loc":{"start":{"line":39,"column":29},"end":{"line":43,"column":5}}}},"branchMap":{"0":{"loc":{"start":{"line":23,"column":4},"end":{"line":28,"column":5}},"type":"if","locations":[{"start":{"line":23,"column":4},"end":{"line":28,"column":5}}]},"1":{"loc":{"start":{"line":23,"column":8},"end":{"line":23,"column":51}},"type":"binary-expr","locations":[{"start":{"line":23,"column":8},"end":{"line":23,"column":28}},{"start":{"line":23,"column":32},"end":{"line":23,"column":51}}]},"2":{"loc":{"start":{"line":24,"column":6},"end":{"line":27,"column":7}},"type":"if","locations":[{"start":{"line":24,"column":6},"end":{"line":27,"column":7}}]},"3":{"loc":{"start":{"line":30,"column":4},"end":{"line":37,"column":5}},"type":"if","locations":[{"start":{"line":30,"column":4},"end":{"line":37,"column":5}}]},"4":{"loc":{"start":{"line":32,"column":6},"end":{"line":34,"column":7}},"type":"if","locations":[{"start":{"line":32,"column":6},"end":{"line":34,"column":7}}]},"5":{"loc":{"start":{"line":36,"column":6},"end":{"line":36,"column":35}},"type":"if","locations":[{"start":{"line":36,"column":6},"end":{"line":36,"column":35}}]},"6":{"loc":{"start":{"line":55,"column":21},"end":{"line":55,"column":57}},"type":"cond-expr","locations":[{"start":{"line":55,"column":40},"end":{"line":55,"column":52}},{"start":{"line":55,"column":55},"end":{"line":55,"column":57}}]},"7":{"loc":{"start":{"line":57,"column":9},"end":{"line":57,"column":90}},"type":"binary-expr","locations":[{"start":{"line":57,"column":9},"end":{"line":57,"column":25}},{"start":{"line":57,"column":29},"end":{"line":57,"column":90}}]},"8":{"loc":{"start":{"line":66,"column":21},"end":{"line":66,"column":56}},"type":"cond-expr","locations":[{"start":{"line":66,"column":39},"end":{"line":66,"column":51}},{"start":{"line":66,"column":54},"end":{"line":66,"column":56}}]},"9":{"loc":{"start":{"line":68,"column":9},"end":{"line":68,"column":88}},"type":"binary-expr","locations":[{"start":{"line":68,"column":9},"end":{"line":68,"column":24}},{"start":{"line":68,"column":28},"end":{"line":68,"column":88}}]},"10":{"loc":{"start":{"line":77,"column":21},"end":{"line":77,"column":53}},"type":"cond-expr","locations":[{"start":{"line":77,"column":36},"end":{"line":77,"column":48}},{"start":{"line":77,"column":51},"end":{"line":77,"column":53}}]},"11":{"loc":{"start":{"line":80,"column":9},"end":{"line":80,"column":82}},"type":"binary-expr","locations":[{"start":{"line":80,"column":9},"end":{"line":80,"column":21}},{"start":{"line":80,"column":25},"end":{"line":80,"column":82}}]}},"s":{"0":0,"1":0,"2":0,"3":0,"4":0,"5":0,"6":0,"7":0,"8":0,"9":0,"10":0,"11":0,"12":0,"13":0,"14":0,"15":0,"16":0,"17":0,"18":0,"19":0,"20":0,"21":0,"22":0},"f":{"0":0,"1":0,"2":0},"b":{"0":[0],"1":[0,0],"2":[0],"3":[0],"4":[0],"5":[0],"6":[0,0],"7":[0,0],"8":[0,0],"9":[0,0],"10":[0,0],"11":[0,0]}}
,"C:\\Users\\maric\\Ciclos\\REACT\\GO\\front\\EdinRose\\src\\app\\components\\Checkout\\ContactForm\\index.ts": {"path":"C:\\Users\\maric\\Ciclos\\REACT\\GO\\front\\EdinRose\\src\\app\\components\\Checkout\\ContactForm\\index.ts","statementMap":{"0":{"start":{"line":1,"column":0},"end":{"line":1,"column":9}},"1":{"start":{"line":1,"column":9},"end":{"line":1,"column":40}}},"fnMap":{"0":{"name":"(anonymous_1)","decl":{"start":{"line":1,"column":9},"end":{"line":1,"column":16}},"loc":{"start":{"line":1,"column":9},"end":{"line":1,"column":40}}}},"branchMap":{},"s":{"0":0,"1":0},"f":{"0":0},"b":{}}
,"C:\\Users\\maric\\Ciclos\\REACT\\GO\\front\\EdinRose\\src\\app\\components\\Checkout\\ShippingAddressForm\\ShippingAddressForm.tsx": {"path":"C:\\Users\\maric\\Ciclos\\REACT\\GO\\front\\EdinRose\\src\\app\\components\\Checkout\\ShippingAddressForm\\ShippingAddressForm.tsx","statementMap":{"0":{"start":{"line":1,"column":0},"end":{"line":1,"column":73}},"1":{"start":{"line":2,"column":0},"end":{"line":2,"column":44}},"2":{"start":{"line":3,"column":0},"end":{"line":3,"column":69}},"3":{"start":{"line":4,"column":0},"end":{"line":4,"column":55}},"4":{"start":{"line":7,"column":0},"end":{"line":7,"column":54}},"5":{"start":{"line":13,"column":28},"end":{"line":109,"column":2}},"6":{"start":{"line":14,"column":23},"end":{"line":14,"column":28}},"7":{"start":{"line":15,"column":40},"end":{"line":15,"column":71}},"8":{"start":{"line":17,"column":34},"end":{"line":21,"column":4}},"9":{"start":{"line":23,"column":30},"end":{"line":27,"column":4}},"10":{"start":{"line":29,"column":24},"end":{"line":42,"column":3}},"11":{"start":{"line":30,"column":16},"end":{"line":30,"column":18}},"12":{"start":{"line":32,"column":4},"end":{"line":34,"column":5}},"13":{"start":{"line":33,"column":6},"end":{"line":33,"column":43}},"14":{"start":{"line":36,"column":4},"end":{"line":38,"column":5}},"15":{"start":{"line":37,"column":6},"end":{"line":37,"column":46}},"16":{"start":{"line":40,"column":4},"end":{"line":40,"column":66}},"17":{"start":{"line":40,"column":31},"end":{"line":40,"column":63}},"18":{"start":{"line":41,"column":4},"end":{"line":41,"column":24}},"19":{"start":{"line":44,"column":23},"end":{"line":50,"column":3}},"20":{"start":{"line":45,"column":27},"end":{"line":45,"column":69}},"21":{"start":{"line":46,"column":28},"end":{"line":46,"column":72}},"22":{"start":{"line":47,"column":29},"end":{"line":47,"column":75}},"23":{"start":{"line":49,"column":4},"end":{"line":49,"column":65}},"24":{"start":{"line":52,"column":23},"end":{"line":57,"column":3}},"25":{"start":{"line":53,"column":4},"end":{"line":53,"column":31}},"26":{"start":{"line":54,"column":24},"end":{"line":54,"column":54}},"27":{"start":{"line":55,"column":4},"end":{"line":55,"column":29}},"28":{"start":{"line":56,"column":4},"end":{"line":56,"column":26}},"29":{"start":{"line":59,"column":28},"end":{"line":62,"column":3}},"30":{"start":{"line":60,"column":28},"end":{"line":60,"column":74}},"31":{"start":{"line":61,"column":4},"end":{"line":61,"column":30}},"32":{"start":{"line":64,"column":2},"end":{"line":66,"column":6}},"33":{"start":{"line":64,"column":34},"end":{"line":66,"column":4}},"34":{"start":{"line":68,"column":2},"end":{"line":68,"column":51}},"35":{"start":{"line":68,"column":15},"end":{"line":68,"column":51}},"36":{"start":{"line":69,"column":2},"end":{"line":69,"column":42}},"37":{"start":{"line":69,"column":13},"end":{"line":69,"column":42}},"38":{"start":{"line":71,"column":2},"end":{"line":108,"column":4}},"39":{"start":{"line":87,"column":44},"end":{"line":90,"column":14}},"40":{"start":{"line":92,"column":31},"end":{"line":92,"column":62}},"41":{"start":{"line":111,"column":0},"end":{"line":111,"column":35}}},"fnMap":{"0":{"name":"(anonymous_1)","decl":{"start":{"line":13,"column":39},"end":{"line":13,"column":40}},"loc":{"start":{"line":13,"column":80},"end":{"line":109,"column":1}}},"1":{"name":"(anonymous_2)","decl":{"start":{"line":29,"column":24},"end":{"line":29,"column":25}},"loc":{"start":{"line":29,"column":59},"end":{"line":42,"column":3}}},"2":{"name":"(anonymous_3)","decl":{"start":{"line":40,"column":14},"end":{"line":40,"column":15}},"loc":{"start":{"line":40,"column":31},"end":{"line":40,"column":63}}},"3":{"name":"(anonymous_4)","decl":{"start":{"line":44,"column":23},"end":{"line":44,"column":26}},"loc":{"start":{"line":44,"column":28},"end":{"line":50,"column":3}}},"4":{"name":"(anonymous_5)","decl":{"start":{"line":52,"column":23},"end":{"line":52,"column":24}},"loc":{"start":{"line":52,"column":58},"end":{"line":57,"column":3}}},"5":{"name":"(anonymous_6)","decl":{"start":{"line":59,"column":28},"end":{"line":59,"column":29}},"loc":{"start":{"line":59,"column":91},"end":{"line":62,"column":3}}},"6":{"name":"(anonymous_7)","decl":{"start":{"line":64,"column":27},"end":{"line":64,"column":30}},"loc":{"start":{"line":64,"column":34},"end":{"line":66,"column":4}}},"7":{"name":"(anonymous_8)","decl":{"start":{"line":87,"column":29},"end":{"line":87,"column":30}},"loc":{"start":{"line":87,"column":44},"end":{"line":90,"column":14}}},"8":{"name":"(anonymous_9)","decl":{"start":{"line":92,"column":20},"end":{"line":92,"column":21}},"loc":{"start":{"line":92,"column":31},"end":{"line":92,"column":62}}}},"branchMap":{"0":{"loc":{"start":{"line":32,"column":4},"end":{"line":34,"column":5}},"type":"if","locations":[{"start":{"line":32,"column":4},"end":{"line":34,"column":5}}]},"1":{"loc":{"start":{"line":32,"column":8},"end":{"line":32,"column":70}},"type":"binary-expr","locations":[{"start":{"line":32,"column":8},"end":{"line":32,"column":47}},{"start":{"line":32,"column":51},"end":{"line":32,"column":70}}]},"2":{"loc":{"start":{"line":36,"column":4},"end":{"line":38,"column":5}},"type":"if","locations":[{"start":{"line":36,"column":4},"end":{"line":38,"column":5}}]},"3":{"loc":{"start":{"line":36,"column":8},"end":{"line":36,"column":43}},"type":"binary-expr","locations":[{"start":{"line":36,"column":8},"end":{"line":36,"column":27}},{"start":{"line":36,"column":31},"end":{"line":36,"column":43}}]},"4":{"loc":{"start":{"line":49,"column":11},"end":{"line":49,"column":64}},"type":"binary-expr","locations":[{"start":{"line":49,"column":11},"end":{"line":49,"column":25}},{"start":{"line":49,"column":29},"end":{"line":49,"column":44}},{"start":{"line":49,"column":48},"end":{"line":49,"column":64}}]},"5":{"loc":{"start":{"line":68,"column":2},"end":{"line":68,"column":51}},"type":"if","locations":[{"start":{"line":68,"column":2},"end":{"line":68,"column":51}}]},"6":{"loc":{"start":{"line":69,"column":2},"end":{"line":69,"column":42}},"type":"if","locations":[{"start":{"line":69,"column":2},"end":{"line":69,"column":42}}]},"7":{"loc":{"start":{"line":81,"column":9},"end":{"line":81,"column":78}},"type":"binary-expr","locations":[{"start":{"line":81,"column":9},"end":{"line":81,"column":23}},{"start":{"line":81,"column":27},"end":{"line":81,"column":78}}]},"8":{"loc":{"start":{"line":95,"column":9},"end":{"line":95,"column":80}},"type":"binary-expr","locations":[{"start":{"line":95,"column":9},"end":{"line":95,"column":24}},{"start":{"line":95,"column":28},"end":{"line":95,"column":80}}]},"9":{"loc":{"start":{"line":105,"column":9},"end":{"line":105,"column":82}},"type":"binary-expr","locations":[{"start":{"line":105,"column":9},"end":{"line":105,"column":25}},{"start":{"line":105,"column":29},"end":{"line":105,"column":82}}]}},"s":{"0":0,"1":0,"2":0,"3":0,"4":0,"5":0,"6":0,"7":0,"8":0,"9":0,"10":0,"11":0,"12":0,"13":0,"14":0,"15":0,"16":0,"17":0,"18":0,"19":0,"20":0,"21":0,"22":0,"23":0,"24":0,"25":0,"26":0,"27":0,"28":0,"29":0,"30":0,"31":0,"32":0,"33":0,"34":0,"35":0,"36":0,"37":0,"38":0,"39":0,"40":0,"41":0},"f":{"0":0,"1":0,"2":0,"3":0,"4":0,"5":0,"6":0,"7":0,"8":0},"b":{"0":[0],"1":[0,0],"2":[0],"3":[0,0],"4":[0,0,0],"5":[0],"6":[0],"7":[0,0],"8":[0,0],"9":[0,0]}}
,"C:\\Users\\maric\\Ciclos\\REACT\\GO\\front\\EdinRose\\src\\app\\components\\Checkout\\ShippingAddressForm\\index.ts": {"path":"C:\\Users\\maric\\Ciclos\\REACT\\GO\\front\\EdinRose\\src\\app\\components\\Checkout\\ShippingAddressForm\\index.ts","statementMap":{"0":{"start":{"line":1,"column":0},"end":{"line":1,"column":9}},"1":{"start":{"line":1,"column":9},"end":{"line":1,"column":48}}},"fnMap":{"0":{"name":"(anonymous_1)","decl":{"start":{"line":1,"column":9},"end":{"line":1,"column":16}},"loc":{"start":{"line":1,"column":9},"end":{"line":1,"column":48}}}},"branchMap":{},"s":{"0":0,"1":0},"f":{"0":0},"b":{}}
,"C:\\Users\\maric\\Ciclos\\REACT\\GO\\front\\EdinRose\\src\\app\\components\\Navbar\\Navbar.tsx": {"path":"C:\\Users\\maric\\Ciclos\\REACT\\GO\\front\\EdinRose\\src\\app\\components\\Navbar\\Navbar.tsx","statementMap":{"0":{"start":{"line":1,"column":0},"end":{"line":1,"column":40}},"1":{"start":{"line":2,"column":0},"end":{"line":2,"column":69}},"2":{"start":{"line":3,"column":0},"end":{"line":3,"column":48}},"3":{"start":{"line":4,"column":0},"end":{"line":4,"column":40}},"4":{"start":{"line":5,"column":0},"end":{"line":5,"column":41}},"5":{"start":{"line":11,"column":38},"end":{"line":49,"column":1}},"6":{"start":{"line":12,"column":38},"end":{"line":12,"column":58}},"7":{"start":{"line":14,"column":20},"end":{"line":14,"column":29}},"8":{"start":{"line":15,"column":20},"end":{"line":15,"column":81}},"9":{"start":{"line":15,"column":56},"end":{"line":15,"column":77}},"10":{"start":{"line":17,"column":28},"end":{"line":21,"column":3}},"11":{"start":{"line":18,"column":18},"end":{"line":18,"column":36}},"12":{"start":{"line":19,"column":4},"end":{"line":19,"column":25}},"13":{"start":{"line":20,"column":4},"end":{"line":20,"column":20}},"14":{"start":{"line":23,"column":2},"end":{"line":48,"column":4}},"15":{"start":{"line":51,"column":0},"end":{"line":51,"column":22}}},"fnMap":{"0":{"name":"(anonymous_1)","decl":{"start":{"line":11,"column":38},"end":{"line":11,"column":39}},"loc":{"start":{"line":11,"column":55},"end":{"line":49,"column":1}}},"1":{"name":"(anonymous_2)","decl":{"start":{"line":15,"column":39},"end":{"line":15,"column":40}},"loc":{"start":{"line":15,"column":56},"end":{"line":15,"column":77}}},"2":{"name":"(anonymous_3)","decl":{"start":{"line":17,"column":28},"end":{"line":17,"column":29}},"loc":{"start":{"line":17,"column":75},"end":{"line":21,"column":3}}}},"branchMap":{},"s":{"0":0,"1":0,"2":0,"3":0,"4":0,"5":0,"6":0,"7":0,"8":0,"9":0,"10":0,"11":0,"12":0,"13":0,"14":0,"15":0},"f":{"0":0,"1":0,"2":0},"b":{}}
,"C:\\Users\\maric\\Ciclos\\REACT\\GO\\front\\EdinRose\\src\\app\\components\\Navbar\\index.ts": {"path":"C:\\Users\\maric\\Ciclos\\REACT\\GO\\front\\EdinRose\\src\\app\\components\\Navbar\\index.ts","statementMap":{"0":{"start":{"line":1,"column":0},"end":{"line":1,"column":9}},"1":{"start":{"line":1,"column":9},"end":{"line":1,"column":35}}},"fnMap":{"0":{"name":"(anonymous_1)","decl":{"start":{"line":1,"column":9},"end":{"line":1,"column":16}},"loc":{"start":{"line":1,"column":9},"end":{"line":1,"column":35}}}},"branchMap":{},"s":{"0":0,"1":0},"f":{"0":0},"b":{}}
,"C:\\Users\\maric\\Ciclos\\REACT\\GO\\front\\EdinRose\\src\\app\\components\\OrderProgress\\OrderProgress.tsx": {"path":"C:\\Users\\maric\\Ciclos\\REACT\\GO\\front\\EdinRose\\src\\app\\components\\OrderProgress\\OrderProgress.tsx","statementMap":{"0":{"start":{"line":2,"column":0},"end":{"line":2,"column":48}},"1":{"start":{"line":9,"column":52},"end":{"line":31,"column":1}},"2":{"start":{"line":10,"column":2},"end":{"line":30,"column":4}},"3":{"start":{"line":13,"column":27},"end":{"line":13,"column":36}},"4":{"start":{"line":14,"column":25},"end":{"line":14,"column":51}},"5":{"start":{"line":15,"column":28},"end":{"line":15,"column":52}},"6":{"start":{"line":17,"column":8},"end":{"line":27,"column":10}},"7":{"start":{"line":33,"column":0},"end":{"line":33,"column":29}}},"fnMap":{"0":{"name":"(anonymous_1)","decl":{"start":{"line":9,"column":52},"end":{"line":9,"column":53}},"loc":{"start":{"line":9,"column":79},"end":{"line":31,"column":1}}},"1":{"name":"(anonymous_2)","decl":{"start":{"line":12,"column":17},"end":{"line":12,"column":18}},"loc":{"start":{"line":12,"column":33},"end":{"line":28,"column":7}}}},"branchMap":{"0":{"loc":{"start":{"line":20,"column":41},"end":{"line":20,"column":76}},"type":"cond-expr","locations":[{"start":{"line":20,"column":55},"end":{"line":20,"column":71}},{"start":{"line":20,"column":74},"end":{"line":20,"column":76}}]},"1":{"loc":{"start":{"line":21,"column":14},"end":{"line":21,"column":null}},"type":"cond-expr","locations":[{"start":{"line":21,"column":25},"end":{"line":21,"column":38}},{"start":{"line":21,"column":41},"end":{"line":21,"column":null}}]}},"s":{"0":0,"1":0,"2":0,"3":0,"4":0,"5":0,"6":0,"7":0},"f":{"0":0,"1":0},"b":{"0":[0,0],"1":[0,0]}}
,"C:\\Users\\maric\\Ciclos\\REACT\\GO\\front\\EdinRose\\src\\app\\components\\OrderProgress\\index.ts": {"path":"C:\\Users\\maric\\Ciclos\\REACT\\GO\\front\\EdinRose\\src\\app\\components\\OrderProgress\\index.ts","statementMap":{"0":{"start":{"line":1,"column":0},"end":{"line":1,"column":9}},"1":{"start":{"line":1,"column":9},"end":{"line":1,"column":42}}},"fnMap":{"0":{"name":"(anonymous_1)","decl":{"start":{"line":1,"column":9},"end":{"line":1,"column":16}},"loc":{"start":{"line":1,"column":9},"end":{"line":1,"column":42}}}},"branchMap":{},"s":{"0":0,"1":0},"f":{"0":0},"b":{}}
,"C:\\Users\\maric\\Ciclos\\REACT\\GO\\front\\EdinRose\\src\\app\\components\\Pagination\\Pagination.tsx": {"path":"C:\\Users\\maric\\Ciclos\\REACT\\GO\\front\\EdinRose\\src\\app\\components\\Pagination\\Pagination.tsx","statementMap":{"0":{"start":{"line":1,"column":0},"end":{"line":1,"column":51}},"1":{"start":{"line":2,"column":0},"end":{"line":2,"column":59}},"2":{"start":{"line":3,"column":0},"end":{"line":3,"column":45}},"3":{"start":{"line":13,"column":46},"end":{"line":80,"column":1}},"4":{"start":{"line":20,"column":21},"end":{"line":20,"column":57}},"5":{"start":{"line":21,"column":38},"end":{"line":21,"column":57}},"6":{"start":{"line":23,"column":2},"end":{"line":26,"column":34}},"7":{"start":{"line":24,"column":25},"end":{"line":24,"column":88}},"8":{"start":{"line":25,"column":4},"end":{"line":25,"column":32}},"9":{"start":{"line":28,"column":26},"end":{"line":32,"column":3}},"10":{"start":{"line":29,"column":26},"end":{"line":29,"column":92}},"11":{"start":{"line":30,"column":4},"end":{"line":30,"column":33}},"12":{"start":{"line":31,"column":4},"end":{"line":31,"column":32}},"13":{"start":{"line":34,"column":26},"end":{"line":38,"column":3}},"14":{"start":{"line":35,"column":26},"end":{"line":35,"column":64}},"15":{"start":{"line":36,"column":4},"end":{"line":36,"column":33}},"16":{"start":{"line":37,"column":4},"end":{"line":37,"column":32}},"17":{"start":{"line":40,"column":26},"end":{"line":42,"column":3}},"18":{"start":{"line":41,"column":4},"end":{"line":41,"column":23}},"19":{"start":{"line":44,"column":23},"end":{"line":47,"column":40}},"20":{"start":{"line":46,"column":18},"end":{"line":46,"column":36}},"21":{"start":{"line":47,"column":21},"end":{"line":47,"column":39}},"22":{"start":{"line":49,"column":2},"end":{"line":79,"column":4}},"23":{"start":{"line":60,"column":8},"end":{"line":61,"column":null}},"24":{"start":{"line":65,"column":25},"end":{"line":65,"column":46}},"25":{"start":{"line":82,"column":0},"end":{"line":82,"column":26}}},"fnMap":{"0":{"name":"(anonymous_1)","decl":{"start":{"line":13,"column":46},"end":{"line":13,"column":47}},"loc":{"start":{"line":19,"column":5},"end":{"line":80,"column":1}}},"1":{"name":"(anonymous_2)","decl":{"start":{"line":23,"column":12},"end":{"line":23,"column":15}},"loc":{"start":{"line":23,"column":17},"end":{"line":26,"column":3}}},"2":{"name":"(anonymous_3)","decl":{"start":{"line":28,"column":26},"end":{"line":28,"column":29}},"loc":{"start":{"line":28,"column":31},"end":{"line":32,"column":3}}},"3":{"name":"(anonymous_4)","decl":{"start":{"line":34,"column":26},"end":{"line":34,"column":29}},"loc":{"start":{"line":34,"column":31},"end":{"line":38,"column":3}}},"4":{"name":"(anonymous_5)","decl":{"start":{"line":40,"column":26},"end":{"line":40,"column":27}},"loc":{"start":{"line":40,"column":43},"end":{"line":42,"column":3}}},"5":{"name":"(anonymous_6)","decl":{"start":{"line":46,"column":4},"end":{"line":46,"column":5}},"loc":{"start":{"line":46,"column":18},"end":{"line":46,"column":36}}},"6":{"name":"(anonymous_7)","decl":{"start":{"line":47,"column":11},"end":{"line":47,"column":12}},"loc":{"start":{"line":47,"column":21},"end":{"line":47,"column":39}}},"7":{"name":"(anonymous_8)","decl":{"start":{"line":59,"column":24},"end":{"line":59,"column":25}},"loc":{"start":{"line":60,"column":8},"end":{"line":61,"column":null}}},"8":{"name":"(anonymous_9)","decl":{"start":{"line":65,"column":19},"end":{"line":65,"column":22}},"loc":{"start":{"line":65,"column":25},"end":{"line":65,"column":46}}}},"branchMap":{"0":{"loc":{"start":{"line":18,"column":2},"end":{"line":18,"column":18}},"type":"default-arg","locations":[{"start":{"line":18,"column":17},"end":{"line":18,"column":18}}]},"1":{"loc":{"start":{"line":63,"column":12},"end":{"line":63,"column":null}},"type":"cond-expr","locations":[{"start":{"line":63,"column":35},"end":{"line":63,"column":71}},{"start":{"line":63,"column":74},"end":{"line":63,"column":null}}]}},"s":{"0":0,"1":0,"2":0,"3":0,"4":0,"5":0,"6":0,"7":0,"8":0,"9":0,"10":0,"11":0,"12":0,"13":0,"14":0,"15":0,"16":0,"17":0,"18":0,"19":0,"20":0,"21":0,"22":0,"23":0,"24":0,"25":0},"f":{"0":0,"1":0,"2":0,"3":0,"4":0,"5":0,"6":0,"7":0,"8":0},"b":{"0":[0],"1":[0,0]}}
,"C:\\Users\\maric\\Ciclos\\REACT\\GO\\front\\EdinRose\\src\\app\\components\\Pagination\\index.ts": {"path":"C:\\Users\\maric\\Ciclos\\REACT\\GO\\front\\EdinRose\\src\\app\\components\\Pagination\\index.ts","statementMap":{"0":{"start":{"line":1,"column":0},"end":{"line":1,"column":9}},"1":{"start":{"line":1,"column":9},"end":{"line":1,"column":39}}},"fnMap":{"0":{"name":"(anonymous_1)","decl":{"start":{"line":1,"column":9},"end":{"line":1,"column":16}},"loc":{"start":{"line":1,"column":9},"end":{"line":1,"column":39}}}},"branchMap":{},"s":{"0":0,"1":0},"f":{"0":0},"b":{}}
,"C:\\Users\\maric\\Ciclos\\REACT\\GO\\front\\EdinRose\\src\\app\\components\\ProductCard\\ProductCard.tsx": {"path":"C:\\Users\\maric\\Ciclos\\REACT\\GO\\front\\EdinRose\\src\\app\\components\\ProductCard\\ProductCard.tsx","statementMap":{"0":{"start":{"line":2,"column":0},"end":{"line":2,"column":46}},"1":{"start":{"line":4,"column":0},"end":{"line":4,"column":48}},"2":{"start":{"line":11,"column":48},"end":{"line":40,"column":1}},"3":{"start":{"line":12,"column":23},"end":{"line":12,"column":32}},"4":{"start":{"line":14,"column":26},"end":{"line":19,"column":3}},"5":{"start":{"line":15,"column":4},"end":{"line":18,"column":7}},"6":{"start":{"line":21,"column":2},"end":{"line":39,"column":4}},"7":{"start":{"line":42,"column":0},"end":{"line":42,"column":27}}},"fnMap":{"0":{"name":"(anonymous_1)","decl":{"start":{"line":11,"column":48},"end":{"line":11,"column":49}},"loc":{"start":{"line":11,"column":64},"end":{"line":40,"column":1}}},"1":{"name":"(anonymous_2)","decl":{"start":{"line":14,"column":26},"end":{"line":14,"column":29}},"loc":{"start":{"line":14,"column":31},"end":{"line":19,"column":3}}}},"branchMap":{},"s":{"0":0,"1":0,"2":0,"3":0,"4":0,"5":0,"6":0,"7":0},"f":{"0":0,"1":0},"b":{}}
,"C:\\Users\\maric\\Ciclos\\REACT\\GO\\front\\EdinRose\\src\\app\\components\\ProductCard\\index.ts": {"path":"C:\\Users\\maric\\Ciclos\\REACT\\GO\\front\\EdinRose\\src\\app\\components\\ProductCard\\index.ts","statementMap":{"0":{"start":{"line":1,"column":0},"end":{"line":1,"column":9}},"1":{"start":{"line":1,"column":9},"end":{"line":1,"column":40}}},"fnMap":{"0":{"name":"(anonymous_1)","decl":{"start":{"line":1,"column":9},"end":{"line":1,"column":16}},"loc":{"start":{"line":1,"column":9},"end":{"line":1,"column":40}}}},"branchMap":{},"s":{"0":0,"1":0},"f":{"0":0},"b":{}}
,"C:\\Users\\maric\\Ciclos\\REACT\\GO\\front\\EdinRose\\src\\app\\components\\ProductGrid\\ProductGrid.tsx": {"path":"C:\\Users\\maric\\Ciclos\\REACT\\GO\\front\\EdinRose\\src\\app\\components\\ProductGrid\\ProductGrid.tsx","statementMap":{"0":{"start":{"line":1,"column":0},"end":{"line":1,"column":53}},"1":{"start":{"line":2,"column":0},"end":{"line":2,"column":46}},"2":{"start":{"line":8,"column":20},"end":{"line":14,"column":2}},"3":{"start":{"line":9,"column":2},"end":{"line":13,"column":4}},"4":{"start":{"line":16,"column":0},"end":{"line":16,"column":40}},"5":{"start":{"line":18,"column":0},"end":{"line":18,"column":27}}},"fnMap":{"0":{"name":"(anonymous_1)","decl":{"start":{"line":8,"column":65},"end":{"line":8,"column":66}},"loc":{"start":{"line":8,"column":87},"end":{"line":14,"column":1}}}},"branchMap":{},"s":{"0":0,"1":0,"2":0,"3":0,"4":0,"5":0},"f":{"0":0},"b":{}}
,"C:\\Users\\maric\\Ciclos\\REACT\\GO\\front\\EdinRose\\src\\app\\components\\ProductGrid\\index.ts": {"path":"C:\\Users\\maric\\Ciclos\\REACT\\GO\\front\\EdinRose\\src\\app\\components\\ProductGrid\\index.ts","statementMap":{"0":{"start":{"line":1,"column":0},"end":{"line":1,"column":9}},"1":{"start":{"line":1,"column":9},"end":{"line":1,"column":40}}},"fnMap":{"0":{"name":"(anonymous_1)","decl":{"start":{"line":1,"column":9},"end":{"line":1,"column":16}},"loc":{"start":{"line":1,"column":9},"end":{"line":1,"column":40}}}},"branchMap":{},"s":{"0":0,"1":0},"f":{"0":0},"b":{}}
,"C:\\Users\\maric\\Ciclos\\REACT\\GO\\front\\EdinRose\\src\\app\\components\\Selector\\Selector.tsx": {"path":"C:\\Users\\maric\\Ciclos\\REACT\\GO\\front\\EdinRose\\src\\app\\components\\Selector\\Selector.tsx","statementMap":{"0":{"start":{"line":2,"column":0},"end":{"line":2,"column":43}},"1":{"start":{"line":15,"column":42},"end":{"line":31,"column":1}},"2":{"start":{"line":16,"column":2},"end":{"line":30,"column":4}},"3":{"start":{"line":20,"column":25},"end":{"line":20,"column":49}},"4":{"start":{"line":24,"column":10},"end":{"line":24,"column":37}},"5":{"start":{"line":33,"column":0},"end":{"line":33,"column":24}}},"fnMap":{"0":{"name":"(anonymous_1)","decl":{"start":{"line":15,"column":42},"end":{"line":15,"column":43}},"loc":{"start":{"line":15,"column":75},"end":{"line":31,"column":1}}},"1":{"name":"(anonymous_2)","decl":{"start":{"line":20,"column":18},"end":{"line":20,"column":19}},"loc":{"start":{"line":20,"column":25},"end":{"line":20,"column":49}}},"2":{"name":"(anonymous_3)","decl":{"start":{"line":23,"column":21},"end":{"line":23,"column":22}},"loc":{"start":{"line":24,"column":10},"end":{"line":24,"column":37}}}},"branchMap":{},"s":{"0":0,"1":0,"2":0,"3":0,"4":0,"5":0},"f":{"0":0,"1":0,"2":0},"b":{}}
,"C:\\Users\\maric\\Ciclos\\REACT\\GO\\front\\EdinRose\\src\\app\\components\\Selector\\index.ts": {"path":"C:\\Users\\maric\\Ciclos\\REACT\\GO\\front\\EdinRose\\src\\app\\components\\Selector\\index.ts","statementMap":{"0":{"start":{"line":1,"column":0},"end":{"line":1,"column":9}},"1":{"start":{"line":1,"column":9},"end":{"line":1,"column":37}}},"fnMap":{"0":{"name":"(anonymous_1)","decl":{"start":{"line":1,"column":9},"end":{"line":1,"column":16}},"loc":{"start":{"line":1,"column":9},"end":{"line":1,"column":37}}}},"branchMap":{},"s":{"0":0,"1":0},"f":{"0":0},"b":{}}
,"C:\\Users\\maric\\Ciclos\\REACT\\GO\\front\\EdinRose\\src\\app\\context\\CartContext.tsx": {"path":"C:\\Users\\maric\\Ciclos\\REACT\\GO\\front\\EdinRose\\src\\app\\context\\CartContext.tsx","statementMap":{"0":{"start":{"line":1,"column":0},"end":{"line":1,"column":68}},"1":{"start":{"line":2,"column":0},"end":{"line":2,"column":71}},"2":{"start":{"line":5,"column":36},"end":{"line":8,"column":2}},"3":{"start":{"line":17,"column":20},"end":{"line":17,"column":74}},"4":{"start":{"line":19,"column":28},"end":{"line":35,"column":1}},"5":{"start":{"line":20,"column":28},"end":{"line":20,"column":69}},"6":{"start":{"line":22,"column":20},"end":{"line":24,"column":3}},"7":{"start":{"line":23,"column":4},"end":{"line":23,"column":46}},"8":{"start":{"line":26,"column":26},"end":{"line":28,"column":3}},"9":{"start":{"line":27,"column":4},"end":{"line":27,"column":75}},"10":{"start":{"line":30,"column":2},"end":{"line":34,"column":4}},"11":{"start":{"line":19,"column":13},"end":{"line":19,"column":28}},"12":{"start":{"line":37,"column":0},"end":{"line":37,"column":27}}},"fnMap":{"0":{"name":"(anonymous_0)","decl":{"start":{"line":19,"column":28},"end":{"line":19,"column":29}},"loc":{"start":{"line":19,"column":70},"end":{"line":35,"column":1}}},"1":{"name":"(anonymous_1)","decl":{"start":{"line":22,"column":20},"end":{"line":22,"column":23}},"loc":{"start":{"line":22,"column":25},"end":{"line":24,"column":3}}},"2":{"name":"(anonymous_2)","decl":{"start":{"line":26,"column":26},"end":{"line":26,"column":27}},"loc":{"start":{"line":26,"column":70},"end":{"line":28,"column":3}}}},"branchMap":{},"s":{"0":0,"1":0,"2":0,"3":0,"4":0,"5":0,"6":0,"7":0,"8":0,"9":0,"10":0,"11":0,"12":0},"f":{"0":0,"1":0,"2":0},"b":{}}
,"C:\\Users\\maric\\Ciclos\\REACT\\GO\\front\\EdinRose\\src\\app\\context\\ErrorContext.tsx": {"path":"C:\\Users\\maric\\Ciclos\\REACT\\GO\\front\\EdinRose\\src\\app\\context\\ErrorContext.tsx","statementMap":{"0":{"start":{"line":1,"column":0},"end":{"line":1,"column":78}},"1":{"start":{"line":10,"column":21},"end":{"line":10,"column":76}},"2":{"start":{"line":12,"column":29},"end":{"line":31,"column":1}},"3":{"start":{"line":13,"column":34},"end":{"line":13,"column":49}},"4":{"start":{"line":14,"column":42},"end":{"line":14,"column":54}},"5":{"start":{"line":16,"column":19},"end":{"line":19,"column":3}},"6":{"start":{"line":17,"column":4},"end":{"line":17,"column":22}},"7":{"start":{"line":18,"column":4},"end":{"line":18,"column":29}},"8":{"start":{"line":21,"column":21},"end":{"line":24,"column":3}},"9":{"start":{"line":22,"column":4},"end":{"line":22,"column":23}},"10":{"start":{"line":23,"column":4},"end":{"line":23,"column":24}},"11":{"start":{"line":26,"column":2},"end":{"line":30,"column":4}},"12":{"start":{"line":12,"column":13},"end":{"line":12,"column":29}},"13":{"start":{"line":33,"column":24},"end":{"line":39,"column":1}},"14":{"start":{"line":34,"column":18},"end":{"line":34,"column":42}},"15":{"start":{"line":35,"column":2},"end":{"line":37,"column":3}},"16":{"start":{"line":36,"column":4},"end":{"line":36,"column":71}},"17":{"start":{"line":38,"column":2},"end":{"line":38,"column":17}},"18":{"start":{"line":33,"column":13},"end":{"line":33,"column":24}}},"fnMap":{"0":{"name":"(anonymous_0)","decl":{"start":{"line":12,"column":29},"end":{"line":12,"column":30}},"loc":{"start":{"line":12,"column":71},"end":{"line":31,"column":1}}},"1":{"name":"(anonymous_1)","decl":{"start":{"line":16,"column":19},"end":{"line":16,"column":20}},"loc":{"start":{"line":16,"column":39},"end":{"line":19,"column":3}}},"2":{"name":"(anonymous_2)","decl":{"start":{"line":21,"column":21},"end":{"line":21,"column":24}},"loc":{"start":{"line":21,"column":26},"end":{"line":24,"column":3}}},"3":{"name":"(anonymous_3)","decl":{"start":{"line":33,"column":24},"end":{"line":33,"column":27}},"loc":{"start":{"line":33,"column":29},"end":{"line":39,"column":1}}}},"branchMap":{"0":{"loc":{"start":{"line":35,"column":2},"end":{"line":37,"column":3}},"type":"if","locations":[{"start":{"line":35,"column":2},"end":{"line":37,"column":3}}]}},"s":{"0":0,"1":0,"2":0,"3":0,"4":0,"5":0,"6":0,"7":0,"8":0,"9":0,"10":0,"11":0,"12":0,"13":0,"14":0,"15":0,"16":0,"17":0,"18":0},"f":{"0":0,"1":0,"2":0,"3":0},"b":{"0":[0]}}
,"C:\\Users\\maric\\Ciclos\\REACT\\GO\\front\\EdinRose\\src\\app\\context\\ProductContext.tsx": {"path":"C:\\Users\\maric\\Ciclos\\REACT\\GO\\front\\EdinRose\\src\\app\\context\\ProductContext.tsx","statementMap":{"0":{"start":{"line":1,"column":0},"end":{"line":1,"column":68}},"1":{"start":{"line":2,"column":0},"end":{"line":2,"column":null}},"2":{"start":{"line":17,"column":23},"end":{"line":17,"column":80}},"3":{"start":{"line":19,"column":31},"end":{"line":31,"column":1}},"4":{"start":{"line":20,"column":28},"end":{"line":20,"column":75}},"5":{"start":{"line":22,"column":24},"end":{"line":24,"column":3}},"6":{"start":{"line":23,"column":4},"end":{"line":23,"column":70}},"7":{"start":{"line":26,"column":2},"end":{"line":30,"column":4}},"8":{"start":{"line":19,"column":13},"end":{"line":19,"column":31}},"9":{"start":{"line":33,"column":0},"end":{"line":33,"column":30}}},"fnMap":{"0":{"name":"(anonymous_0)","decl":{"start":{"line":19,"column":31},"end":{"line":19,"column":32}},"loc":{"start":{"line":19,"column":73},"end":{"line":31,"column":1}}},"1":{"name":"(anonymous_1)","decl":{"start":{"line":22,"column":24},"end":{"line":22,"column":25}},"loc":{"start":{"line":22,"column":48},"end":{"line":24,"column":3}}}},"branchMap":{},"s":{"0":0,"1":0,"2":0,"3":0,"4":0,"5":0,"6":0,"7":0,"8":0,"9":0},"f":{"0":0,"1":0},"b":{}}
,"C:\\Users\\maric\\Ciclos\\REACT\\GO\\front\\EdinRose\\src\\app\\context\\cartReducer.ts": {"path":"C:\\Users\\maric\\Ciclos\\REACT\\GO\\front\\EdinRose\\src\\app\\context\\cartReducer.ts","statementMap":{"0":{"start":{"line":24,"column":27},"end":{"line":72,"column":1}},"1":{"start":{"line":25,"column":2},"end":{"line":71,"column":3}},"2":{"start":{"line":27,"column":31},"end":{"line":27,"column":45}},"3":{"start":{"line":28,"column":27},"end":{"line":28,"column":69}},"4":{"start":{"line":28,"column":54},"end":{"line":28,"column":68}},"5":{"start":{"line":30,"column":6},"end":{"line":37,"column":7}},"6":{"start":{"line":31,"column":8},"end":{"line":36,"column":10}},"7":{"start":{"line":34,"column":12},"end":{"line":34,"column":83}},"8":{"start":{"line":39,"column":6},"end":{"line":42,"column":8}},"9":{"start":{"line":46,"column":21},"end":{"line":46,"column":35}},"10":{"start":{"line":47,"column":6},"end":{"line":50,"column":8}},"11":{"start":{"line":49,"column":44},"end":{"line":49,"column":58}},"12":{"start":{"line":54,"column":31},"end":{"line":54,"column":45}},"13":{"start":{"line":55,"column":6},"end":{"line":60,"column":8}},"14":{"start":{"line":58,"column":10},"end":{"line":58,"column":55}},"15":{"start":{"line":64,"column":6},"end":{"line":64,"column":47}},"16":{"start":{"line":67,"column":6},"end":{"line":67,"column":56}},"17":{"start":{"line":70,"column":6},"end":{"line":70,"column":19}},"18":{"start":{"line":24,"column":13},"end":{"line":24,"column":27}}},"fnMap":{"0":{"name":"(anonymous_0)","decl":{"start":{"line":24,"column":27},"end":{"line":24,"column":28}},"loc":{"start":{"line":24,"column":83},"end":{"line":72,"column":1}}},"1":{"name":"(anonymous_1)","decl":{"start":{"line":28,"column":44},"end":{"line":28,"column":45}},"loc":{"start":{"line":28,"column":54},"end":{"line":28,"column":68}}},"2":{"name":"(anonymous_2)","decl":{"start":{"line":33,"column":33},"end":{"line":33,"column":34}},"loc":{"start":{"line":34,"column":12},"end":{"line":34,"column":83}}},"3":{"name":"(anonymous_3)","decl":{"start":{"line":49,"column":34},"end":{"line":49,"column":35}},"loc":{"start":{"line":49,"column":44},"end":{"line":49,"column":58}}},"4":{"name":"(anonymous_4)","decl":{"start":{"line":57,"column":31},"end":{"line":57,"column":32}},"loc":{"start":{"line":58,"column":10},"end":{"line":58,"column":55}}}},"branchMap":{"0":{"loc":{"start":{"line":25,"column":2},"end":{"line":71,"column":3}},"type":"switch","locations":[{"start":{"line":26,"column":4},"end":{"line":43,"column":5}},{"start":{"line":45,"column":4},"end":{"line":51,"column":5}},{"start":{"line":53,"column":4},"end":{"line":61,"column":5}},{"start":{"line":63,"column":4},"end":{"line":64,"column":47}},{"start":{"line":66,"column":4},"end":{"line":67,"column":56}},{"start":{"line":69,"column":4},"end":{"line":70,"column":19}}]},"1":{"loc":{"start":{"line":30,"column":6},"end":{"line":37,"column":7}},"type":"if","locations":[{"start":{"line":30,"column":6},"end":{"line":37,"column":7}}]},"2":{"loc":{"start":{"line":34,"column":12},"end":{"line":34,"column":83}},"type":"cond-expr","locations":[{"start":{"line":34,"column":29},"end":{"line":34,"column":76}},{"start":{"line":34,"column":79},"end":{"line":34,"column":83}}]},"3":{"loc":{"start":{"line":58,"column":10},"end":{"line":58,"column":55}},"type":"cond-expr","locations":[{"start":{"line":58,"column":27},"end":{"line":58,"column":48}},{"start":{"line":58,"column":51},"end":{"line":58,"column":55}}]}},"s":{"0":0,"1":0,"2":0,"3":0,"4":0,"5":0,"6":0,"7":0,"8":0,"9":0,"10":0,"11":0,"12":0,"13":0,"14":0,"15":0,"16":0,"17":0,"18":0},"f":{"0":0,"1":0,"2":0,"3":0,"4":0},"b":{"0":[0,0,0,0,0,0],"1":[0],"2":[0,0],"3":[0,0]}}
,"C:\\Users\\maric\\Ciclos\\REACT\\GO\\front\\EdinRose\\src\\app\\context\\productReducer.ts": {"path":"C:\\Users\\maric\\Ciclos\\REACT\\GO\\front\\EdinRose\\src\\app\\context\\productReducer.ts","statementMap":{"0":{"start":{"line":10,"column":13},"end":{"line":15,"column":2}},"1":{"start":{"line":17,"column":0},"end":{"line":17,"column":null}},"2":{"start":{"line":18,"column":2},"end":{"line":18,"column":null}},"3":{"start":{"line":19,"column":2},"end":{"line":19,"column":null}},"4":{"start":{"line":20,"column":2},"end":{"line":20,"column":null}},"5":{"start":{"line":21,"column":2},"end":{"line":21,"column":null}},"6":{"start":{"line":30,"column":30},"end":{"line":64,"column":1}},"7":{"start":{"line":31,"column":2},"end":{"line":63,"column":3}},"8":{"start":{"line":33,"column":6},"end":{"line":37,"column":8}},"9":{"start":{"line":40,"column":6},"end":{"line":40,"column":50}},"10":{"start":{"line":43,"column":6},"end":{"line":43,"column":52}},"11":{"start":{"line":46,"column":21},"end":{"line":46,"column":35}},"12":{"start":{"line":48,"column":6},"end":{"line":52,"column":7}},"13":{"start":{"line":49,"column":8},"end":{"line":51,"column":10}},"14":{"start":{"line":50,"column":10},"end":{"line":50,"column":74}},"15":{"start":{"line":54,"column":6},"end":{"line":56,"column":7}},"16":{"start":{"line":55,"column":8},"end":{"line":55,"column":85}},"17":{"start":{"line":55,"column":48},"end":{"line":55,"column":83}},"18":{"start":{"line":58,"column":6},"end":{"line":58,"column":54}},"19":{"start":{"line":62,"column":6},"end":{"line":62,"column":19}},"20":{"start":{"line":30,"column":13},"end":{"line":30,"column":30}}},"fnMap":{"0":{"name":"(anonymous_0)","decl":{"start":{"line":17,"column":0},"end":{"line":17,"column":12}},"loc":{"start":{"line":17,"column":26},"end":{"line":22,"column":1}}},"1":{"name":"(anonymous_1)","decl":{"start":{"line":30,"column":30},"end":{"line":30,"column":31}},"loc":{"start":{"line":30,"column":91},"end":{"line":64,"column":1}}},"2":{"name":"(anonymous_2)","decl":{"start":{"line":49,"column":35},"end":{"line":49,"column":36}},"loc":{"start":{"line":50,"column":10},"end":{"line":50,"column":74}}},"3":{"name":"(anonymous_3)","decl":{"start":{"line":55,"column":35},"end":{"line":55,"column":36}},"loc":{"start":{"line":55,"column":48},"end":{"line":55,"column":83}}}},"branchMap":{"0":{"loc":{"start":{"line":17,"column":12},"end":{"line":17,"column":null}},"type":"binary-expr","locations":[{"start":{"line":17,"column":12},"end":{"line":17,"column":26}},{"start":{"line":17,"column":26},"end":{"line":17,"column":null}}]},"1":{"loc":{"start":{"line":31,"column":2},"end":{"line":63,"column":3}},"type":"switch","locations":[{"start":{"line":32,"column":4},"end":{"line":37,"column":8}},{"start":{"line":39,"column":4},"end":{"line":40,"column":50}},{"start":{"line":42,"column":4},"end":{"line":43,"column":52}},{"start":{"line":45,"column":4},"end":{"line":59,"column":5}},{"start":{"line":61,"column":4},"end":{"line":62,"column":19}}]},"2":{"loc":{"start":{"line":48,"column":6},"end":{"line":52,"column":7}},"type":"if","locations":[{"start":{"line":48,"column":6},"end":{"line":52,"column":7}}]},"3":{"loc":{"start":{"line":54,"column":6},"end":{"line":56,"column":7}},"type":"if","locations":[{"start":{"line":54,"column":6},"end":{"line":56,"column":7}}]}},"s":{"0":0,"1":0,"2":0,"3":0,"4":0,"5":0,"6":0,"7":0,"8":0,"9":0,"10":0,"11":0,"12":0,"13":0,"14":0,"15":0,"16":0,"17":0,"18":0,"19":0,"20":0},"f":{"0":0,"1":0,"2":0,"3":0},"b":{"0":[0,0],"1":[0,0,0,0,0],"2":[0],"3":[0]}}
,"C:\\Users\\maric\\Ciclos\\REACT\\GO\\front\\EdinRose\\src\\app\\context\\useCart.ts": {"path":"C:\\Users\\maric\\Ciclos\\REACT\\GO\\front\\EdinRose\\src\\app\\context\\useCart.ts","statementMap":{"0":{"start":{"line":1,"column":0},"end":{"line":1,"column":35}},"1":{"start":{"line":2,"column":0},"end":{"line":2,"column":40}},"2":{"start":{"line":4,"column":23},"end":{"line":10,"column":1}},"3":{"start":{"line":5,"column":18},"end":{"line":5,"column":41}},"4":{"start":{"line":6,"column":2},"end":{"line":8,"column":3}},"5":{"start":{"line":7,"column":4},"end":{"line":7,"column":69}},"6":{"start":{"line":9,"column":2},"end":{"line":9,"column":17}},"7":{"start":{"line":4,"column":13},"end":{"line":4,"column":23}}},"fnMap":{"0":{"name":"(anonymous_1)","decl":{"start":{"line":4,"column":23},"end":{"line":4,"column":26}},"loc":{"start":{"line":4,"column":28},"end":{"line":10,"column":1}}}},"branchMap":{"0":{"loc":{"start":{"line":6,"column":2},"end":{"line":8,"column":3}},"type":"if","locations":[{"start":{"line":6,"column":2},"end":{"line":8,"column":3}}]}},"s":{"0":0,"1":0,"2":0,"3":0,"4":0,"5":0,"6":0,"7":0},"f":{"0":0},"b":{"0":[0]}}
,"C:\\Users\\maric\\Ciclos\\REACT\\GO\\front\\EdinRose\\src\\app\\context\\useProduct.ts": {"path":"C:\\Users\\maric\\Ciclos\\REACT\\GO\\front\\EdinRose\\src\\app\\context\\useProduct.ts","statementMap":{"0":{"start":{"line":1,"column":0},"end":{"line":1,"column":35}},"1":{"start":{"line":2,"column":0},"end":{"line":2,"column":46}},"2":{"start":{"line":4,"column":26},"end":{"line":10,"column":1}},"3":{"start":{"line":5,"column":18},"end":{"line":5,"column":44}},"4":{"start":{"line":6,"column":2},"end":{"line":8,"column":3}},"5":{"start":{"line":7,"column":4},"end":{"line":7,"column":72}},"6":{"start":{"line":9,"column":2},"end":{"line":9,"column":17}},"7":{"start":{"line":4,"column":13},"end":{"line":4,"column":26}}},"fnMap":{"0":{"name":"(anonymous_1)","decl":{"start":{"line":4,"column":26},"end":{"line":4,"column":29}},"loc":{"start":{"line":4,"column":31},"end":{"line":10,"column":1}}}},"branchMap":{"0":{"loc":{"start":{"line":6,"column":2},"end":{"line":8,"column":3}},"type":"if","locations":[{"start":{"line":6,"column":2},"end":{"line":8,"column":3}}]}},"s":{"0":0,"1":0,"2":0,"3":0,"4":0,"5":0,"6":0,"7":0},"f":{"0":0},"b":{"0":[0]}}
,"C:\\Users\\maric\\Ciclos\\REACT\\GO\\front\\EdinRose\\src\\app\\pages\\CartPage\\CartPage.tsx": {"path":"C:\\Users\\maric\\Ciclos\\REACT\\GO\\front\\EdinRose\\src\\app\\pages\\CartPage\\CartPage.tsx","statementMap":{"0":{"start":{"line":2,"column":0},"end":{"line":2,"column":73}},"1":{"start":{"line":3,"column":0},"end":{"line":3,"column":51}},"2":{"start":{"line":4,"column":0},"end":{"line":4,"column":43}},"3":{"start":{"line":5,"column":0},"end":{"line":5,"column":55}},"4":{"start":{"line":7,"column":27},"end":{"line":22,"column":1}},"5":{"start":{"line":8,"column":2},"end":{"line":21,"column":4}},"6":{"start":{"line":24,"column":0},"end":{"line":24,"column":24}}},"fnMap":{"0":{"name":"(anonymous_1)","decl":{"start":{"line":7,"column":27},"end":{"line":7,"column":30}},"loc":{"start":{"line":7,"column":32},"end":{"line":22,"column":1}}}},"branchMap":{},"s":{"0":0,"1":0,"2":0,"3":0,"4":0,"5":0,"6":0},"f":{"0":0},"b":{}}
,"C:\\Users\\maric\\Ciclos\\REACT\\GO\\front\\EdinRose\\src\\app\\pages\\CartPage\\index.ts": {"path":"C:\\Users\\maric\\Ciclos\\REACT\\GO\\front\\EdinRose\\src\\app\\pages\\CartPage\\index.ts","statementMap":{"0":{"start":{"line":1,"column":0},"end":{"line":1,"column":9}},"1":{"start":{"line":1,"column":9},"end":{"line":1,"column":37}}},"fnMap":{"0":{"name":"(anonymous_1)","decl":{"start":{"line":1,"column":9},"end":{"line":1,"column":16}},"loc":{"start":{"line":1,"column":9},"end":{"line":1,"column":37}}}},"branchMap":{},"s":{"0":0,"1":0},"f":{"0":0},"b":{}}
,"C:\\Users\\maric\\Ciclos\\REACT\\GO\\front\\EdinRose\\src\\app\\pages\\CheckoutDetailsPage\\CheckoutDetailsPage.tsx": {"path":"C:\\Users\\maric\\Ciclos\\REACT\\GO\\front\\EdinRose\\src\\app\\pages\\CheckoutDetailsPage\\CheckoutDetailsPage.tsx","statementMap":{"0":{"start":{"line":1,"column":0},"end":{"line":1,"column":48}},"1":{"start":{"line":2,"column":0},"end":{"line":2,"column":73}},"2":{"start":{"line":3,"column":0},"end":{"line":3,"column":64}},"3":{"start":{"line":4,"column":0},"end":{"line":4,"column":80}},"4":{"start":{"line":5,"column":0},"end":{"line":5,"column":55}},"5":{"start":{"line":6,"column":0},"end":{"line":6,"column":41}},"6":{"start":{"line":9,"column":0},"end":{"line":9,"column":47}},"7":{"start":{"line":10,"column":0},"end":{"line":10,"column":54}},"8":{"start":{"line":12,"column":38},"end":{"line":90,"column":1}},"9":{"start":{"line":13,"column":40},"end":{"line":13,"column":78}},"10":{"start":{"line":14,"column":42},"end":{"line":14,"column":88}},"11":{"start":{"line":15,"column":44},"end":{"line":15,"column":83}},"12":{"start":{"line":17,"column":19},"end":{"line":17,"column":32}},"13":{"start":{"line":18,"column":26},"end":{"line":18,"column":71}},"14":{"start":{"line":21,"column":23},"end":{"line":23,"column":3}},"15":{"start":{"line":22,"column":4},"end":{"line":22,"column":33}},"16":{"start":{"line":25,"column":27},"end":{"line":65,"column":3}},"17":{"start":{"line":27,"column":28},"end":{"line":27,"column":67}},"18":{"start":{"line":29,"column":6},"end":{"line":32,"column":37}},"19":{"start":{"line":34,"column":46},"end":{"line":34,"column":48}},"20":{"start":{"line":36,"column":4},"end":{"line":46,"column":5}},"21":{"start":{"line":37,"column":6},"end":{"line":39,"column":7}},"22":{"start":{"line":38,"column":8},"end":{"line":38,"column":55}},"23":{"start":{"line":40,"column":6},"end":{"line":42,"column":7}},"24":{"start":{"line":41,"column":8},"end":{"line":41,"column":54}},"25":{"start":{"line":43,"column":6},"end":{"line":45,"column":7}},"26":{"start":{"line":44,"column":8},"end":{"line":44,"column":83}},"27":{"start":{"line":48,"column":4},"end":{"line":52,"column":5}},"28":{"start":{"line":50,"column":6},"end":{"line":50,"column":62}},"29":{"start":{"line":51,"column":6},"end":{"line":51,"column":13}},"30":{"start":{"line":54,"column":4},"end":{"line":58,"column":5}},"31":{"start":{"line":55,"column":6},"end":{"line":55,"column":31}},"32":{"start":{"line":56,"column":6},"end":{"line":56,"column":78}},"33":{"start":{"line":57,"column":6},"end":{"line":57,"column":13}},"34":{"start":{"line":61,"column":4},"end":{"line":61,"column":51}},"35":{"start":{"line":62,"column":4},"end":{"line":62,"column":49}},"36":{"start":{"line":64,"column":4},"end":{"line":64,"column":39}},"37":{"start":{"line":67,"column":2},"end":{"line":89,"column":4}},"38":{"start":{"line":76,"column":30},"end":{"line":76,"column":50}},"39":{"start":{"line":81,"column":30},"end":{"line":81,"column":51}},"40":{"start":{"line":92,"column":0},"end":{"line":92,"column":35}}},"fnMap":{"0":{"name":"(anonymous_1)","decl":{"start":{"line":12,"column":38},"end":{"line":12,"column":41}},"loc":{"start":{"line":12,"column":43},"end":{"line":90,"column":1}}},"1":{"name":"(anonymous_2)","decl":{"start":{"line":21,"column":23},"end":{"line":21,"column":24}},"loc":{"start":{"line":21,"column":41},"end":{"line":23,"column":3}}},"2":{"name":"(anonymous_3)","decl":{"start":{"line":25,"column":27},"end":{"line":25,"column":30}},"loc":{"start":{"line":25,"column":32},"end":{"line":65,"column":3}}},"3":{"name":"(anonymous_4)","decl":{"start":{"line":76,"column":20},"end":{"line":76,"column":21}},"loc":{"start":{"line":76,"column":30},"end":{"line":76,"column":50}}},"4":{"name":"(anonymous_5)","decl":{"start":{"line":81,"column":20},"end":{"line":81,"column":21}},"loc":{"start":{"line":81,"column":30},"end":{"line":81,"column":51}}}},"branchMap":{"0":{"loc":{"start":{"line":29,"column":6},"end":{"line":32,"column":37}},"type":"binary-expr","locations":[{"start":{"line":29,"column":6},"end":{"line":29,"column":17}},{"start":{"line":30,"column":6},"end":{"line":30,"column":27}},{"start":{"line":31,"column":6},"end":{"line":31,"column":26}},{"start":{"line":32,"column":6},"end":{"line":32,"column":37}}]},"1":{"loc":{"start":{"line":36,"column":4},"end":{"line":46,"column":5}},"type":"if","locations":[{"start":{"line":36,"column":4},"end":{"line":46,"column":5}}]},"2":{"loc":{"start":{"line":37,"column":6},"end":{"line":39,"column":7}},"type":"if","locations":[{"start":{"line":37,"column":6},"end":{"line":39,"column":7}}]},"3":{"loc":{"start":{"line":40,"column":6},"end":{"line":42,"column":7}},"type":"if","locations":[{"start":{"line":40,"column":6},"end":{"line":42,"column":7}}]},"4":{"loc":{"start":{"line":43,"column":6},"end":{"line":45,"column":7}},"type":"if","locations":[{"start":{"line":43,"column":6},"end":{"line":45,"column":7}}]},"5":{"loc":{"start":{"line":43,"column":24},"end":{"line":43,"column":48}},"type":"binary-expr","locations":[{"start":{"line":43,"column":24},"end":{"line":43,"column":42}},{"start":{"line":43,"column":46},"end":{"line":43,"column":48}}]},"6":{"loc":{"start":{"line":48,"column":4},"end":{"line":52,"column":5}},"type":"if","locations":[{"start":{"line":48,"column":4},"end":{"line":52,"column":5}}]},"7":{"loc":{"start":{"line":54,"column":4},"end":{"line":58,"column":5}},"type":"if","locations":[{"start":{"line":54,"column":4},"end":{"line":58,"column":5}}]}},"s":{"0":0,"1":0,"2":0,"3":0,"4":0,"5":0,"6":0,"7":0,"8":0,"9":0,"10":0,"11":0,"12":0,"13":0,"14":0,"15":0,"16":0,"17":0,"18":0,"19":0,"20":0,"21":0,"22":0,"23":0,"24":0,"25":0,"26":0,"27":0,"28":0,"29":0,"30":0,"31":0,"32":0,"33":0,"34":0,"35":0,"36":0,"37":0,"38":0,"39":0,"40":0},"f":{"0":0,"1":0,"2":0,"3":0,"4":0},"b":{"0":[0,0,0,0],"1":[0],"2":[0],"3":[0],"4":[0],"5":[0,0],"6":[0],"7":[0]}}
,"C:\\Users\\maric\\Ciclos\\REACT\\GO\\front\\EdinRose\\src\\app\\pages\\CheckoutDetailsPage\\index.ts": {"path":"C:\\Users\\maric\\Ciclos\\REACT\\GO\\front\\EdinRose\\src\\app\\pages\\CheckoutDetailsPage\\index.ts","statementMap":{"0":{"start":{"line":1,"column":0},"end":{"line":1,"column":9}},"1":{"start":{"line":1,"column":9},"end":{"line":1,"column":48}}},"fnMap":{"0":{"name":"(anonymous_1)","decl":{"start":{"line":1,"column":9},"end":{"line":1,"column":16}},"loc":{"start":{"line":1,"column":9},"end":{"line":1,"column":48}}}},"branchMap":{},"s":{"0":0,"1":0},"f":{"0":0},"b":{}}
,"C:\\Users\\maric\\Ciclos\\REACT\\GO\\front\\EdinRose\\src\\app\\pages\\OrderCompletePage\\OrderCompletePage.tsx": {"path":"C:\\Users\\maric\\Ciclos\\REACT\\GO\\front\\EdinRose\\src\\app\\pages\\OrderCompletePage\\OrderCompletePage.tsx","statementMap":{"0":{"start":{"line":1,"column":0},"end":{"line":1,"column":51}},"1":{"start":{"line":2,"column":0},"end":{"line":2,"column":47}},"2":{"start":{"line":3,"column":0},"end":{"line":3,"column":48}},"3":{"start":{"line":4,"column":0},"end":{"line":4,"column":41}},"4":{"start":{"line":5,"column":0},"end":{"line":5,"column":73}},"5":{"start":{"line":6,"column":0},"end":{"line":6,"column":52}},"6":{"start":{"line":8,"column":36},"end":{"line":43,"column":1}},"7":{"start":{"line":9,"column":24},"end":{"line":9,"column":33}},"8":{"start":{"line":10,"column":19},"end":{"line":10,"column":32}},"9":{"start":{"line":11,"column":38},"end":{"line":11,"column":53}},"10":{"start":{"line":13,"column":2},"end":{"line":18,"column":30}},"11":{"start":{"line":14,"column":4},"end":{"line":17,"column":5}},"12":{"start":{"line":15,"column":6},"end":{"line":15,"column":18}},"13":{"start":{"line":16,"column":6},"end":{"line":16,"column":26}},"14":{"start":{"line":20,"column":2},"end":{"line":26,"column":17}},"15":{"start":{"line":21,"column":18},"end":{"line":23,"column":12}},"16":{"start":{"line":22,"column":6},"end":{"line":22,"column":31}},"17":{"start":{"line":25,"column":4},"end":{"line":25,"column":37}},"18":{"start":{"line":25,"column":17},"end":{"line":25,"column":36}},"19":{"start":{"line":28,"column":2},"end":{"line":42,"column":4}},"20":{"start":{"line":45,"column":0},"end":{"line":45,"column":33}}},"fnMap":{"0":{"name":"(anonymous_1)","decl":{"start":{"line":8,"column":36},"end":{"line":8,"column":39}},"loc":{"start":{"line":8,"column":41},"end":{"line":43,"column":1}}},"1":{"name":"(anonymous_2)","decl":{"start":{"line":13,"column":12},"end":{"line":13,"column":15}},"loc":{"start":{"line":13,"column":17},"end":{"line":18,"column":3}}},"2":{"name":"(anonymous_3)","decl":{"start":{"line":20,"column":12},"end":{"line":20,"column":15}},"loc":{"start":{"line":20,"column":17},"end":{"line":26,"column":3}}},"3":{"name":"(anonymous_4)","decl":{"start":{"line":21,"column":29},"end":{"line":21,"column":32}},"loc":{"start":{"line":21,"column":34},"end":{"line":23,"column":5}}},"4":{"name":"(anonymous_5)","decl":{"start":{"line":25,"column":11},"end":{"line":25,"column":14}},"loc":{"start":{"line":25,"column":17},"end":{"line":25,"column":36}}}},"branchMap":{"0":{"loc":{"start":{"line":14,"column":4},"end":{"line":17,"column":5}},"type":"if","locations":[{"start":{"line":14,"column":4},"end":{"line":17,"column":5}}]}},"s":{"0":0,"1":0,"2":0,"3":0,"4":0,"5":0,"6":0,"7":0,"8":0,"9":0,"10":0,"11":0,"12":0,"13":0,"14":0,"15":0,"16":0,"17":0,"18":0,"19":0,"20":0},"f":{"0":0,"1":0,"2":0,"3":0,"4":0},"b":{"0":[0]}}
,"C:\\Users\\maric\\Ciclos\\REACT\\GO\\front\\EdinRose\\src\\app\\pages\\OrderCompletePage\\index.ts": {"path":"C:\\Users\\maric\\Ciclos\\REACT\\GO\\front\\EdinRose\\src\\app\\pages\\OrderCompletePage\\index.ts","statementMap":{"0":{"start":{"line":1,"column":0},"end":{"line":1,"column":9}},"1":{"start":{"line":1,"column":9},"end":{"line":1,"column":46}}},"fnMap":{"0":{"name":"(anonymous_1)","decl":{"start":{"line":1,"column":9},"end":{"line":1,"column":16}},"loc":{"start":{"line":1,"column":9},"end":{"line":1,"column":46}}}},"branchMap":{},"s":{"0":0,"1":0},"f":{"0":0},"b":{}}
,"C:\\Users\\maric\\Ciclos\\REACT\\GO\\front\\EdinRose\\src\\app\\pages\\ShopPage\\ShopPage.tsx": {"path":"C:\\Users\\maric\\Ciclos\\REACT\\GO\\front\\EdinRose\\src\\app\\pages\\ShopPage\\ShopPage.tsx","statementMap":{"0":{"start":{"line":1,"column":0},"end":{"line":1,"column":51}},"1":{"start":{"line":2,"column":0},"end":{"line":2,"column":45}},"2":{"start":{"line":3,"column":0},"end":{"line":3,"column":69}},"3":{"start":{"line":4,"column":0},"end":{"line":4,"column":55}},"4":{"start":{"line":5,"column":0},"end":{"line":5,"column":53}},"5":{"start":{"line":6,"column":0},"end":{"line":6,"column":62}},"6":{"start":{"line":7,"column":0},"end":{"line":7,"column":65}},"7":{"start":{"line":8,"column":0},"end":{"line":8,"column":55}},"8":{"start":{"line":11,"column":0},"end":{"line":11,"column":43}},"9":{"start":{"line":13,"column":23},"end":{"line":13,"column":25}},"10":{"start":{"line":14,"column":28},"end":{"line":14,"column":29}},"11":{"start":{"line":16,"column":27},"end":{"line":118,"column":1}},"12":{"start":{"line":17,"column":34},"end":{"line":17,"column":57}},"13":{"start":{"line":18,"column":44},"end":{"line":18,"column":63}},"14":{"start":{"line":19,"column":38},"end":{"line":19,"column":62}},"15":{"start":{"line":20,"column":40},"end":{"line":20,"column":59}},"16":{"start":{"line":21,"column":50},"end":{"line":21,"column":70}},"17":{"start":{"line":22,"column":40},"end":{"line":22,"column":60}},"18":{"start":{"line":23,"column":28},"end":{"line":23,"column":57}},"19":{"start":{"line":25,"column":2},"end":{"line":45,"column":51}},"20":{"start":{"line":26,"column":25},"end":{"line":42,"column":5}},"21":{"start":{"line":27,"column":6},"end":{"line":41,"column":7}},"22":{"start":{"line":28,"column":36},"end":{"line":32,"column":null}},"23":{"start":{"line":35,"column":8},"end":{"line":35,"column":30}},"24":{"start":{"line":36,"column":8},"end":{"line":36,"column":32}},"25":{"start":{"line":38,"column":8},"end":{"line":40,"column":9}},"26":{"start":{"line":39,"column":10},"end":{"line":39,"column":34}},"27":{"start":{"line":44,"column":4},"end":{"line":44,"column":19}},"28":{"start":{"line":47,"column":2},"end":{"line":60,"column":9}},"29":{"start":{"line":48,"column":27},"end":{"line":57,"column":5}},"30":{"start":{"line":49,"column":6},"end":{"line":56,"column":7}},"31":{"start":{"line":50,"column":34},"end":{"line":50,"column":57}},"32":{"start":{"line":51,"column":8},"end":{"line":51,"column":41}},"33":{"start":{"line":53,"column":8},"end":{"line":55,"column":9}},"34":{"start":{"line":54,"column":10},"end":{"line":54,"column":34}},"35":{"start":{"line":59,"column":4},"end":{"line":59,"column":21}},"36":{"start":{"line":62,"column":44},"end":{"line":68,"column":4}},"37":{"start":{"line":64,"column":32},"end":{"line":67,"column":6}},"38":{"start":{"line":70,"column":31},"end":{"line":74,"column":3}},"39":{"start":{"line":71,"column":4},"end":{"line":71,"column":34}},"40":{"start":{"line":72,"column":4},"end":{"line":72,"column":23}},"41":{"start":{"line":73,"column":4},"end":{"line":73,"column":22}},"42":{"start":{"line":76,"column":23},"end":{"line":79,"column":3}},"43":{"start":{"line":77,"column":4},"end":{"line":77,"column":26}},"44":{"start":{"line":78,"column":4},"end":{"line":78,"column":22}},"45":{"start":{"line":81,"column":27},"end":{"line":83,"column":3}},"46":{"start":{"line":82,"column":4},"end":{"line":82,"column":25}},"47":{"start":{"line":85,"column":2},"end":{"line":117,"column":4}},"48":{"start":{"line":99,"column":16},"end":{"line":99,"column":46}},"49":{"start":{"line":120,"column":0},"end":{"line":120,"column":24}}},"fnMap":{"0":{"name":"(anonymous_1)","decl":{"start":{"line":16,"column":27},"end":{"line":16,"column":30}},"loc":{"start":{"line":16,"column":32},"end":{"line":118,"column":1}}},"1":{"name":"(anonymous_2)","decl":{"start":{"line":25,"column":12},"end":{"line":25,"column":15}},"loc":{"start":{"line":25,"column":17},"end":{"line":45,"column":3}}},"2":{"name":"(anonymous_3)","decl":{"start":{"line":26,"column":25},"end":{"line":26,"column":30}},"loc":{"start":{"line":26,"column":36},"end":{"line":42,"column":5}}},"3":{"name":"(anonymous_4)","decl":{"start":{"line":47,"column":12},"end":{"line":47,"column":15}},"loc":{"start":{"line":47,"column":17},"end":{"line":60,"column":3}}},"4":{"name":"(anonymous_5)","decl":{"start":{"line":48,"column":27},"end":{"line":48,"column":32}},"loc":{"start":{"line":48,"column":38},"end":{"line":57,"column":5}}},"5":{"name":"(anonymous_6)","decl":{"start":{"line":64,"column":22},"end":{"line":64,"column":23}},"loc":{"start":{"line":64,"column":32},"end":{"line":67,"column":6}}},"6":{"name":"(anonymous_7)","decl":{"start":{"line":70,"column":31},"end":{"line":70,"column":32}},"loc":{"start":{"line":70,"column":52},"end":{"line":74,"column":3}}},"7":{"name":"(anonymous_8)","decl":{"start":{"line":76,"column":23},"end":{"line":76,"column":24}},"loc":{"start":{"line":76,"column":41},"end":{"line":79,"column":3}}},"8":{"name":"(anonymous_9)","decl":{"start":{"line":81,"column":27},"end":{"line":81,"column":28}},"loc":{"start":{"line":81,"column":44},"end":{"line":83,"column":3}}},"9":{"name":"(anonymous_10)","decl":{"start":{"line":98,"column":27},"end":{"line":98,"column":28}},"loc":{"start":{"line":99,"column":16},"end":{"line":99,"column":46}}}},"branchMap":{"0":{"loc":{"start":{"line":38,"column":8},"end":{"line":40,"column":9}},"type":"if","locations":[{"start":{"line":38,"column":8},"end":{"line":40,"column":9}}]},"1":{"loc":{"start":{"line":53,"column":8},"end":{"line":55,"column":9}},"type":"if","locations":[{"start":{"line":53,"column":8},"end":{"line":55,"column":9}}]},"2":{"loc":{"start":{"line":92,"column":7},"end":{"line":114,"column":null}},"type":"cond-expr","locations":[{"start":{"line":93,"column":8},"end":{"line":93,"column":61}},{"start":{"line":95,"column":8},"end":{"line":113,"column":null}}]},"3":{"loc":{"start":{"line":97,"column":13},"end":{"line":104,"column":null}},"type":"cond-expr","locations":[{"start":{"line":98,"column":14},"end":{"line":100,"column":16}},{"start":{"line":102,"column":14},"end":{"line":102,"column":null}}]}},"s":{"0":0,"1":0,"2":0,"3":0,"4":0,"5":0,"6":0,"7":0,"8":0,"9":0,"10":0,"11":0,"12":0,"13":0,"14":0,"15":0,"16":0,"17":0,"18":0,"19":0,"20":0,"21":0,"22":0,"23":0,"24":0,"25":0,"26":0,"27":0,"28":0,"29":0,"30":0,"31":0,"32":0,"33":0,"34":0,"35":0,"36":0,"37":0,"38":0,"39":0,"40":0,"41":0,"42":0,"43":0,"44":0,"45":0,"46":0,"47":0,"48":0,"49":0},"f":{"0":0,"1":0,"2":0,"3":0,"4":0,"5":0,"6":0,"7":0,"8":0,"9":0},"b":{"0":[0],"1":[0],"2":[0,0],"3":[0,0]}}
,"C:\\Users\\maric\\Ciclos\\REACT\\GO\\front\\EdinRose\\src\\app\\pages\\ShopPage\\index.ts": {"path":"C:\\Users\\maric\\Ciclos\\REACT\\GO\\front\\EdinRose\\src\\app\\pages\\ShopPage\\index.ts","statementMap":{"0":{"start":{"line":1,"column":0},"end":{"line":1,"column":9}},"1":{"start":{"line":1,"column":9},"end":{"line":1,"column":37}}},"fnMap":{"0":{"name":"(anonymous_1)","decl":{"start":{"line":1,"column":9},"end":{"line":1,"column":16}},"loc":{"start":{"line":1,"column":9},"end":{"line":1,"column":37}}}},"branchMap":{},"s":{"0":0,"1":0},"f":{"0":0},"b":{}}
,"C:\\Users\\maric\\Ciclos\\REACT\\GO\\front\\EdinRose\\src\\app\\service\\category.service.ts": {"path":"C:\\Users\\maric\\Ciclos\\REACT\\GO\\front\\EdinRose\\src\\app\\service\\category.service.ts","statementMap":{"0":{"start":{"line":2,"column":0},"end":{"line":2,"column":60}},"1":{"start":{"line":3,"column":0},"end":{"line":3,"column":40}},"2":{"start":{"line":5,"column":31},"end":{"line":24,"column":1}},"3":{"start":{"line":6,"column":2},"end":{"line":23,"column":3}},"4":{"start":{"line":7,"column":21},"end":{"line":7,"column":71}},"5":{"start":{"line":9,"column":4},"end":{"line":11,"column":5}},"6":{"start":{"line":10,"column":6},"end":{"line":10,"column":79}},"7":{"start":{"line":13,"column":29},"end":{"line":13,"column":50}},"8":{"start":{"line":14,"column":4},"end":{"line":14,"column":29}},"9":{"start":{"line":16,"column":4},"end":{"line":22,"column":5}},"10":{"start":{"line":17,"column":6},"end":{"line":17,"column":67}},"11":{"start":{"line":18,"column":6},"end":{"line":18,"column":37}},"12":{"start":{"line":20,"column":6},"end":{"line":20,"column":71}},"13":{"start":{"line":21,"column":6},"end":{"line":21,"column":80}},"14":{"start":{"line":5,"column":13},"end":{"line":5,"column":31}}},"fnMap":{"0":{"name":"(anonymous_0)","decl":{"start":{"line":5,"column":31},"end":{"line":5,"column":36}},"loc":{"start":{"line":5,"column":63},"end":{"line":24,"column":1}}}},"branchMap":{"0":{"loc":{"start":{"line":9,"column":4},"end":{"line":11,"column":5}},"type":"if","locations":[{"start":{"line":9,"column":4},"end":{"line":11,"column":5}}]},"1":{"loc":{"start":{"line":16,"column":4},"end":{"line":22,"column":5}},"type":"if","locations":[{"start":{"line":16,"column":4},"end":{"line":22,"column":5}},{"start":{"line":19,"column":11},"end":{"line":22,"column":5}}]}},"s":{"0":0,"1":0,"2":0,"3":0,"4":0,"5":0,"6":0,"7":0,"8":0,"9":0,"10":0,"11":0,"12":0,"13":0,"14":0},"f":{"0":0},"b":{"0":[0],"1":[0,0]}}
,"C:\\Users\\maric\\Ciclos\\REACT\\GO\\front\\EdinRose\\src\\app\\service\\product.service.ts": {"path":"C:\\Users\\maric\\Ciclos\\REACT\\GO\\front\\EdinRose\\src\\app\\service\\product.service.ts","statementMap":{"0":{"start":{"line":2,"column":0},"end":{"line":2,"column":40}},"1":{"start":{"line":3,"column":0},"end":{"line":3,"column":69}},"2":{"start":{"line":5,"column":29},"end":{"line":39,"column":1}},"3":{"start":{"line":11,"column":17},"end":{"line":11,"column":35}},"4":{"start":{"line":13,"column":18},"end":{"line":15,"column":49}},"5":{"start":{"line":17,"column":2},"end":{"line":38,"column":3}},"6":{"start":{"line":18,"column":21},"end":{"line":18,"column":41}},"7":{"start":{"line":20,"column":4},"end":{"line":22,"column":5}},"8":{"start":{"line":21,"column":6},"end":{"line":21,"column":79}},"9":{"start":{"line":24,"column":57},"end":{"line":24,"column":78}},"10":{"start":{"line":26,"column":29},"end":{"line":26,"column":72}},"11":{"start":{"line":29,"column":30},"end":{"line":29,"column":76}},"12":{"start":{"line":31,"column":4},"end":{"line":34,"column":6}},"13":{"start":{"line":36,"column":4},"end":{"line":36,"column":56}},"14":{"start":{"line":37,"column":4},"end":{"line":37,"column":16}},"15":{"start":{"line":5,"column":13},"end":{"line":5,"column":29}}},"fnMap":{"0":{"name":"(anonymous_0)","decl":{"start":{"line":5,"column":29},"end":{"line":5,"column":34}},"loc":{"start":{"line":10,"column":53},"end":{"line":39,"column":1}}}},"branchMap":{"0":{"loc":{"start":{"line":13,"column":18},"end":{"line":15,"column":49}},"type":"cond-expr","locations":[{"start":{"line":14,"column":6},"end":{"line":14,"column":53}},{"start":{"line":15,"column":6},"end":{"line":15,"column":49}}]},"1":{"loc":{"start":{"line":13,"column":18},"end":{"line":13,"column":45}},"type":"binary-expr","locations":[{"start":{"line":13,"column":18},"end":{"line":13,"column":26}},{"start":{"line":13,"column":30},"end":{"line":13,"column":45}}]},"2":{"loc":{"start":{"line":20,"column":4},"end":{"line":22,"column":5}},"type":"if","locations":[{"start":{"line":20,"column":4},"end":{"line":22,"column":5}}]}},"s":{"0":0,"1":0,"2":0,"3":0,"4":0,"5":0,"6":0,"7":0,"8":0,"9":0,"10":0,"11":0,"12":0,"13":0,"14":0,"15":0},"f":{"0":0},"b":{"0":[0,0],"1":[0,0],"2":[0]}}
,"C:\\Users\\maric\\Ciclos\\REACT\\GO\\front\\EdinRose\\src\\shared\\components\\Button\\Button.tsx": {"path":"C:\\Users\\maric\\Ciclos\\REACT\\GO\\front\\EdinRose\\src\\shared\\components\\Button\\Button.tsx","statementMap":{"0":{"start":{"line":2,"column":0},"end":{"line":2,"column":41}},"1":{"start":{"line":10,"column":38},"end":{"line":19,"column":1}},"2":{"start":{"line":11,"column":2},"end":{"line":18,"column":4}},"3":{"start":{"line":21,"column":0},"end":{"line":21,"column":22}}},"fnMap":{"0":{"name":"(anonymous_1)","decl":{"start":{"line":10,"column":38},"end":{"line":10,"column":39}},"loc":{"start":{"line":10,"column":75},"end":{"line":19,"column":1}}}},"branchMap":{"0":{"loc":{"start":{"line":13,"column":40},"end":{"line":13,"column":79}},"type":"cond-expr","locations":[{"start":{"line":13,"column":52},"end":{"line":13,"column":74}},{"start":{"line":13,"column":77},"end":{"line":13,"column":79}}]}},"s":{"0":0,"1":0,"2":0,"3":0},"f":{"0":0},"b":{"0":[0,0]}}
,"C:\\Users\\maric\\Ciclos\\REACT\\GO\\front\\EdinRose\\src\\shared\\components\\Button\\index.ts": {"path":"C:\\Users\\maric\\Ciclos\\REACT\\GO\\front\\EdinRose\\src\\shared\\components\\Button\\index.ts","statementMap":{"0":{"start":{"line":1,"column":0},"end":{"line":1,"column":9}},"1":{"start":{"line":1,"column":9},"end":{"line":1,"column":35}}},"fnMap":{"0":{"name":"(anonymous_1)","decl":{"start":{"line":1,"column":9},"end":{"line":1,"column":16}},"loc":{"start":{"line":1,"column":9},"end":{"line":1,"column":35}}}},"branchMap":{},"s":{"0":0,"1":0},"f":{"0":0},"b":{}}
,"C:\\Users\\maric\\Ciclos\\REACT\\GO\\front\\EdinRose\\src\\shared\\components\\ErrorModal\\ErrorModal.tsx": {"path":"C:\\Users\\maric\\Ciclos\\REACT\\GO\\front\\EdinRose\\src\\shared\\components\\ErrorModal\\ErrorModal.tsx","statementMap":{"0":{"start":{"line":2,"column":0},"end":{"line":2,"column":54}},"1":{"start":{"line":3,"column":0},"end":{"line":3,"column":45}},"2":{"start":{"line":5,"column":29},"end":{"line":20,"column":1}},"3":{"start":{"line":6,"column":49},"end":{"line":6,"column":59}},"4":{"start":{"line":8,"column":2},"end":{"line":8,"column":29}},"5":{"start":{"line":8,"column":17},"end":{"line":8,"column":29}},"6":{"start":{"line":10,"column":2},"end":{"line":19,"column":4}},"7":{"start":{"line":22,"column":0},"end":{"line":22,"column":26}}},"fnMap":{"0":{"name":"(anonymous_1)","decl":{"start":{"line":5,"column":29},"end":{"line":5,"column":32}},"loc":{"start":{"line":5,"column":34},"end":{"line":20,"column":1}}}},"branchMap":{"0":{"loc":{"start":{"line":8,"column":2},"end":{"line":8,"column":29}},"type":"if","locations":[{"start":{"line":8,"column":2},"end":{"line":8,"column":29}}]}},"s":{"0":0,"1":0,"2":0,"3":0,"4":0,"5":0,"6":0,"7":0},"f":{"0":0},"b":{"0":[0]}}
,"C:\\Users\\maric\\Ciclos\\REACT\\GO\\front\\EdinRose\\src\\shared\\components\\ErrorModal\\index.ts": {"path":"C:\\Users\\maric\\Ciclos\\REACT\\GO\\front\\EdinRose\\src\\shared\\components\\ErrorModal\\index.ts","statementMap":{"0":{"start":{"line":1,"column":0},"end":{"line":1,"column":9}},"1":{"start":{"line":1,"column":9},"end":{"line":1,"column":39}}},"fnMap":{"0":{"name":"(anonymous_1)","decl":{"start":{"line":1,"column":9},"end":{"line":1,"column":16}},"loc":{"start":{"line":1,"column":9},"end":{"line":1,"column":39}}}},"branchMap":{},"s":{"0":0,"1":0},"f":{"0":0},"b":{}}
,"C:\\Users\\maric\\Ciclos\\REACT\\GO\\front\\EdinRose\\src\\shared\\components\\Form\\Form.tsx": {"path":"C:\\Users\\maric\\Ciclos\\REACT\\GO\\front\\EdinRose\\src\\shared\\components\\Form\\Form.tsx","statementMap":{"0":{"start":{"line":2,"column":0},"end":{"line":2,"column":39}},"1":{"start":{"line":9,"column":53},"end":{"line":16,"column":1}},"2":{"start":{"line":10,"column":2},"end":{"line":15,"column":4}},"3":{"start":{"line":18,"column":0},"end":{"line":18,"column":20}}},"fnMap":{"0":{"name":"(anonymous_1)","decl":{"start":{"line":9,"column":53},"end":{"line":9,"column":54}},"loc":{"start":{"line":9,"column":77},"end":{"line":16,"column":1}}}},"branchMap":{},"s":{"0":0,"1":0,"2":0,"3":0},"f":{"0":0},"b":{}}
,"C:\\Users\\maric\\Ciclos\\REACT\\GO\\front\\EdinRose\\src\\shared\\components\\Form\\index.ts": {"path":"C:\\Users\\maric\\Ciclos\\REACT\\GO\\front\\EdinRose\\src\\shared\\components\\Form\\index.ts","statementMap":{"0":{"start":{"line":1,"column":0},"end":{"line":1,"column":9}},"1":{"start":{"line":1,"column":9},"end":{"line":1,"column":33}}},"fnMap":{"0":{"name":"(anonymous_1)","decl":{"start":{"line":1,"column":9},"end":{"line":1,"column":16}},"loc":{"start":{"line":1,"column":9},"end":{"line":1,"column":33}}}},"branchMap":{},"s":{"0":0,"1":0},"f":{"0":0},"b":{}}
,"C:\\Users\\maric\\Ciclos\\REACT\\GO\\front\\EdinRose\\src\\shared\\hooks\\index.ts": {"path":"C:\\Users\\maric\\Ciclos\\REACT\\GO\\front\\EdinRose\\src\\shared\\hooks\\index.ts","statementMap":{"0":{"start":{"line":1,"column":0},"end":{"line":1,"column":9}},"1":{"start":{"line":1,"column":9},"end":{"line":1,"column":44}}},"fnMap":{"0":{"name":"(anonymous_1)","decl":{"start":{"line":1,"column":9},"end":{"line":1,"column":16}},"loc":{"start":{"line":1,"column":9},"end":{"line":1,"column":44}}}},"branchMap":{},"s":{"0":0,"1":0},"f":{"0":0},"b":{}}
,"C:\\Users\\maric\\Ciclos\\REACT\\GO\\front\\EdinRose\\src\\shared\\hooks\\useCartPersistence.ts": {"path":"C:\\Users\\maric\\Ciclos\\REACT\\GO\\front\\EdinRose\\src\\shared\\hooks\\useCartPersistence.ts","statementMap":{"0":{"start":{"line":3,"column":0},"end":{"line":3,"column":34}},"1":{"start":{"line":4,"column":0},"end":{"line":4,"column":63}},"2":{"start":{"line":11,"column":27},"end":{"line":15,"column":1}},"3":{"start":{"line":12,"column":2},"end":{"line":14,"column":14}},"4":{"start":{"line":13,"column":4},"end":{"line":13,"column":29}},"5":{"start":{"line":17,"column":0},"end":{"line":17,"column":34}}},"fnMap":{"0":{"name":"(anonymous_0)","decl":{"start":{"line":11,"column":27},"end":{"line":11,"column":28}},"loc":{"start":{"line":11,"column":49},"end":{"line":15,"column":1}}},"1":{"name":"(anonymous_1)","decl":{"start":{"line":12,"column":12},"end":{"line":12,"column":15}},"loc":{"start":{"line":12,"column":17},"end":{"line":14,"column":3}}}},"branchMap":{},"s":{"0":0,"1":0,"2":0,"3":0,"4":0,"5":0},"f":{"0":0,"1":0},"b":{}}
,"C:\\Users\\maric\\Ciclos\\REACT\\GO\\front\\EdinRose\\src\\shared\\hooks\\useDistricts.ts": {"path":"C:\\Users\\maric\\Ciclos\\REACT\\GO\\front\\EdinRose\\src\\shared\\hooks\\useDistricts.ts","statementMap":{"0":{"start":{"line":1,"column":0},"end":{"line":1,"column":44}},"1":{"start":{"line":9,"column":21},"end":{"line":45,"column":1}},"2":{"start":{"line":10,"column":36},"end":{"line":10,"column":58}},"3":{"start":{"line":11,"column":32},"end":{"line":11,"column":55}},"4":{"start":{"line":12,"column":28},"end":{"line":12,"column":57}},"5":{"start":{"line":14,"column":2},"end":{"line":42,"column":12}},"6":{"start":{"line":15,"column":27},"end":{"line":39,"column":5}},"7":{"start":{"line":16,"column":6},"end":{"line":38,"column":7}},"8":{"start":{"line":17,"column":25},"end":{"line":17,"column":41}},"9":{"start":{"line":19,"column":8},"end":{"line":21,"column":9}},"10":{"start":{"line":20,"column":10},"end":{"line":20,"column":79}},"11":{"start":{"line":23,"column":21},"end":{"line":23,"column":42}},"12":{"start":{"line":25,"column":8},"end":{"line":29,"column":9}},"13":{"start":{"line":26,"column":10},"end":{"line":26,"column":39}},"14":{"start":{"line":28,"column":10},"end":{"line":28,"column":68}},"15":{"start":{"line":31,"column":8},"end":{"line":35,"column":9}},"16":{"start":{"line":32,"column":10},"end":{"line":32,"column":32}},"17":{"start":{"line":34,"column":10},"end":{"line":34,"column":51}},"18":{"start":{"line":37,"column":8},"end":{"line":37,"column":26}},"19":{"start":{"line":41,"column":4},"end":{"line":41,"column":21}},"20":{"start":{"line":44,"column":2},"end":{"line":44,"column":39}},"21":{"start":{"line":47,"column":0},"end":{"line":47,"column":28}}},"fnMap":{"0":{"name":"(anonymous_0)","decl":{"start":{"line":9,"column":21},"end":{"line":9,"column":22}},"loc":{"start":{"line":9,"column":57},"end":{"line":45,"column":1}}},"1":{"name":"(anonymous_1)","decl":{"start":{"line":14,"column":12},"end":{"line":14,"column":15}},"loc":{"start":{"line":14,"column":17},"end":{"line":42,"column":3}}},"2":{"name":"(anonymous_2)","decl":{"start":{"line":15,"column":27},"end":{"line":15,"column":32}},"loc":{"start":{"line":15,"column":38},"end":{"line":39,"column":5}}}},"branchMap":{"0":{"loc":{"start":{"line":19,"column":8},"end":{"line":21,"column":9}},"type":"if","locations":[{"start":{"line":19,"column":8},"end":{"line":21,"column":9}}]},"1":{"loc":{"start":{"line":25,"column":8},"end":{"line":29,"column":9}},"type":"if","locations":[{"start":{"line":25,"column":8},"end":{"line":29,"column":9}},{"start":{"line":27,"column":15},"end":{"line":29,"column":9}}]},"2":{"loc":{"start":{"line":31,"column":8},"end":{"line":35,"column":9}},"type":"if","locations":[{"start":{"line":31,"column":8},"end":{"line":35,"column":9}},{"start":{"line":33,"column":15},"end":{"line":35,"column":9}}]}},"s":{"0":0,"1":0,"2":0,"3":0,"4":0,"5":0,"6":0,"7":0,"8":0,"9":0,"10":0,"11":0,"12":0,"13":0,"14":0,"15":0,"16":0,"17":0,"18":0,"19":0,"20":0,"21":0},"f":{"0":0,"1":0,"2":0},"b":{"0":[0],"1":[0,0],"2":[0,0]}}
,"C:\\Users\\maric\\Ciclos\\REACT\\GO\\front\\EdinRose\\src\\shared\\hooks\\useLocalStorage.ts": {"path":"C:\\Users\\maric\\Ciclos\\REACT\\GO\\front\\EdinRose\\src\\shared\\hooks\\useLocalStorage.ts","statementMap":{"0":{"start":{"line":1,"column":0},"end":{"line":1,"column":33}},"1":{"start":{"line":4,"column":40},"end":{"line":12,"column":4}},"2":{"start":{"line":5,"column":4},"end":{"line":11,"column":5}},"3":{"start":{"line":6,"column":19},"end":{"line":6,"column":44}},"4":{"start":{"line":7,"column":6},"end":{"line":7,"column":52}},"5":{"start":{"line":9,"column":6},"end":{"line":9,"column":63}},"6":{"start":{"line":10,"column":6},"end":{"line":10,"column":26}},"7":{"start":{"line":14,"column":19},"end":{"line":22,"column":3}},"8":{"start":{"line":15,"column":4},"end":{"line":21,"column":5}},"9":{"start":{"line":16,"column":27},"end":{"line":16,"column":81}},"10":{"start":{"line":17,"column":6},"end":{"line":17,"column":35}},"11":{"start":{"line":18,"column":6},"end":{"line":18,"column":62}},"12":{"start":{"line":20,"column":6},"end":{"line":20,"column":64}},"13":{"start":{"line":24,"column":2},"end":{"line":24,"column":42}},"14":{"start":{"line":27,"column":0},"end":{"line":27,"column":31}}},"fnMap":{"0":{"name":"useLocalStorage","decl":{"start":{"line":3,"column":9},"end":{"line":3,"column":24}},"loc":{"start":{"line":3,"column":56},"end":{"line":25,"column":1}}},"1":{"name":"(anonymous_1)","decl":{"start":{"line":4,"column":52},"end":{"line":4,"column":55}},"loc":{"start":{"line":4,"column":57},"end":{"line":12,"column":3}}},"2":{"name":"(anonymous_2)","decl":{"start":{"line":14,"column":19},"end":{"line":14,"column":20}},"loc":{"start":{"line":14,"column":50},"end":{"line":22,"column":3}}}},"branchMap":{"0":{"loc":{"start":{"line":7,"column":13},"end":{"line":7,"column":51}},"type":"cond-expr","locations":[{"start":{"line":7,"column":20},"end":{"line":7,"column":36}},{"start":{"line":7,"column":39},"end":{"line":7,"column":51}}]},"1":{"loc":{"start":{"line":16,"column":27},"end":{"line":16,"column":81}},"type":"cond-expr","locations":[{"start":{"line":16,"column":55},"end":{"line":16,"column":73}},{"start":{"line":16,"column":76},"end":{"line":16,"column":81}}]}},"s":{"0":0,"1":0,"2":0,"3":0,"4":0,"5":0,"6":0,"7":0,"8":0,"9":0,"10":0,"11":0,"12":0,"13":0,"14":0},"f":{"0":0,"1":0,"2":0},"b":{"0":[0,0],"1":[0,0]}}
,"C:\\Users\\maric\\Ciclos\\REACT\\GO\\front\\EdinRose\\src\\shared\\utils\\cartStorage.ts": {"path":"C:\\Users\\maric\\Ciclos\\REACT\\GO\\front\\EdinRose\\src\\shared\\utils\\cartStorage.ts","statementMap":{"0":{"start":{"line":3,"column":17},"end":{"line":3,"column":23}},"1":{"start":{"line":5,"column":33},"end":{"line":7,"column":1}},"2":{"start":{"line":6,"column":2},"end":{"line":6,"column":56}},"3":{"start":{"line":5,"column":13},"end":{"line":5,"column":33}},"4":{"start":{"line":9,"column":35},"end":{"line":12,"column":1}},"5":{"start":{"line":10,"column":20},"end":{"line":10,"column":50}},"6":{"start":{"line":11,"column":2},"end":{"line":11,"column":61}},"7":{"start":{"line":9,"column":13},"end":{"line":9,"column":35}},"8":{"start":{"line":14,"column":36},"end":{"line":16,"column":1}},"9":{"start":{"line":15,"column":2},"end":{"line":15,"column":36}},"10":{"start":{"line":14,"column":13},"end":{"line":14,"column":36}}},"fnMap":{"0":{"name":"(anonymous_0)","decl":{"start":{"line":5,"column":33},"end":{"line":5,"column":34}},"loc":{"start":{"line":5,"column":52},"end":{"line":7,"column":1}}},"1":{"name":"(anonymous_1)","decl":{"start":{"line":9,"column":35},"end":{"line":9,"column":67}},"loc":{"start":{"line":9,"column":69},"end":{"line":12,"column":1}}},"2":{"name":"(anonymous_2)","decl":{"start":{"line":14,"column":36},"end":{"line":14,"column":39}},"loc":{"start":{"line":14,"column":41},"end":{"line":16,"column":1}}}},"branchMap":{"0":{"loc":{"start":{"line":11,"column":9},"end":{"line":11,"column":60}},"type":"cond-expr","locations":[{"start":{"line":11,"column":21},"end":{"line":11,"column":53}},{"start":{"line":11,"column":56},"end":{"line":11,"column":60}}]}},"s":{"0":0,"1":0,"2":0,"3":0,"4":0,"5":0,"6":0,"7":0,"8":0,"9":0,"10":0},"f":{"0":0,"1":0,"2":0},"b":{"0":[0,0]}}
,"C:\\Users\\maric\\Ciclos\\REACT\\GO\\front\\EdinRose\\src\\shared\\utils\\categoryMapper.ts": {"path":"C:\\Users\\maric\\Ciclos\\REACT\\GO\\front\\EdinRose\\src\\shared\\utils\\categoryMapper.ts","statementMap":{"0":{"start":{"line":3,"column":27},"end":{"line":9,"column":1}},"1":{"start":{"line":4,"column":2},"end":{"line":8,"column":6}},"2":{"start":{"line":4,"column":29},"end":{"line":8,"column":4}},"3":{"start":{"line":3,"column":13},"end":{"line":3,"column":27}}},"fnMap":{"0":{"name":"(anonymous_0)","decl":{"start":{"line":3,"column":27},"end":{"line":3,"column":28}},"loc":{"start":{"line":3,"column":60},"end":{"line":9,"column":1}}},"1":{"name":"(anonymous_1)","decl":{"start":{"line":4,"column":18},"end":{"line":4,"column":19}},"loc":{"start":{"line":4,"column":29},"end":{"line":8,"column":4}}}},"branchMap":{},"s":{"0":0,"1":0,"2":0,"3":0},"f":{"0":0,"1":0},"b":{}}
,"C:\\Users\\maric\\Ciclos\\REACT\\GO\\front\\EdinRose\\src\\shared\\utils\\productMapper.ts": {"path":"C:\\Users\\maric\\Ciclos\\REACT\\GO\\front\\EdinRose\\src\\shared\\utils\\productMapper.ts","statementMap":{"0":{"start":{"line":4,"column":37},"end":{"line":10,"column":1}},"1":{"start":{"line":5,"column":2},"end":{"line":5,"column":30}},"2":{"start":{"line":5,"column":14},"end":{"line":5,"column":30}},"3":{"start":{"line":7,"column":2},"end":{"line":9,"column":4}},"4":{"start":{"line":8,"column":4},"end":{"line":8,"column":61}},"5":{"start":{"line":4,"column":13},"end":{"line":4,"column":37}}},"fnMap":{"0":{"name":"(anonymous_0)","decl":{"start":{"line":4,"column":37},"end":{"line":4,"column":38}},"loc":{"start":{"line":4,"column":88},"end":{"line":10,"column":1}}},"1":{"name":"(anonymous_1)","decl":{"start":{"line":7,"column":25},"end":{"line":7,"column":26}},"loc":{"start":{"line":8,"column":4},"end":{"line":8,"column":61}}}},"branchMap":{"0":{"loc":{"start":{"line":5,"column":2},"end":{"line":5,"column":30}},"type":"if","locations":[{"start":{"line":5,"column":2},"end":{"line":5,"column":30}}]}},"s":{"0":0,"1":0,"2":0,"3":0,"4":0,"5":0},"f":{"0":0,"1":0},"b":{"0":[0]}}
,"C:\\Users\\maric\\Ciclos\\REACT\\GO\\front\\EdinRose\\src\\shared\\utils\\regexPatterns.ts": {"path":"C:\\Users\\maric\\Ciclos\\REACT\\GO\\front\\EdinRose\\src\\shared\\utils\\regexPatterns.ts","statementMap":{"0":{"start":{"line":1,"column":13},"end":{"line":6,"column":4}}},"fnMap":{},"branchMap":{},"s":{"0":0},"f":{},"b":{}}
}
